\BOOKMARK [1][-]{section.1}{Introduction - February 19, 2020}{}% 1
\BOOKMARK [2][-]{subsection.1.1}{Defining Dependable Systems}{section.1}% 2
\BOOKMARK [3][-]{subsubsection.1.1.1}{How to make systems tolerate faults}{subsection.1.1}% 3
\BOOKMARK [3][-]{subsubsection.1.1.2}{Defining distributed computation}{subsection.1.1}% 4
\BOOKMARK [3][-]{subsubsection.1.1.3}{Layered modules}{subsection.1.1}% 5
\BOOKMARK [3][-]{subsubsection.1.1.4}{Module Jobhandler}{subsection.1.1}% 6
\BOOKMARK [2][-]{subsection.1.2}{Concurrency and Replication in Distributed Systems}{section.1}% 7
\BOOKMARK [1][-]{section.2}{Models and Abstructions - February 26, 2020}{}% 8
\BOOKMARK [2][-]{subsection.2.1}{Processes and Protocols}{section.2}% 9
\BOOKMARK [3][-]{subsubsection.2.1.1}{Execution}{subsection.2.1}% 10
\BOOKMARK [3][-]{subsubsection.2.1.2}{Properties}{subsection.2.1}% 11
\BOOKMARK [3][-]{subsubsection.2.1.3}{Process Failures}{subsection.2.1}% 12
\BOOKMARK [2][-]{subsection.2.2}{Cryptographic Abstraction}{section.2}% 13
\BOOKMARK [2][-]{subsection.2.3}{Communication Abstraction}{section.2}% 14
\BOOKMARK [3][-]{subsubsection.2.3.1}{Stubborn point-to-point links}{subsection.2.3}% 15
\BOOKMARK [3][-]{subsubsection.2.3.2}{Perfect point-to-point links}{subsection.2.3}% 16
\BOOKMARK [3][-]{subsubsection.2.3.3}{Alg. impl. perfect links \(pl\) from stubborn links \(sl\)}{subsection.2.3}% 17
\BOOKMARK [2][-]{subsection.2.4}{Timing Assumptions}{section.2}% 18
\BOOKMARK [1][-]{section.3}{3rd Lecture - February 27, 2020}{}% 19
\BOOKMARK [2][-]{subsection.3.1}{sub}{section.3}% 20
