This is pdfTeX, Version 3.14159265-2.6-1.40.21 (MiKTeX 2.9.7300 64-bit) (preloaded format=pdflatex 2020.3.14)  25 MAR 2020 15:37
entering extended mode
**./Lectures_Dist-Algo.tex
(Lectures_Dist-Algo.tex
LaTeX2e <2020-02-02> patch level 2
L3 programming layer <2020-02-14>
("C:\Users\Marcel\AppData\Local\Programs\MiKTeX 2.9\tex/latex/base\article.cls"
Document Class: article 2019/12/20 v1.4l Standard LaTeX document class
("C:\Users\Marcel\AppData\Local\Programs\MiKTeX 2.9\tex/latex/base\size10.clo"
File: size10.clo 2019/12/20 v1.4l Standard LaTeX file (size option)
)
\c@part=\count167
\c@section=\count168
\c@subsection=\count169
\c@subsubsection=\count170
\c@paragraph=\count171
\c@subparagraph=\count172
\c@figure=\count173
\c@table=\count174
\abovecaptionskip=\skip47
\belowcaptionskip=\skip48
\bibindent=\dimen134
)
("C:\Users\Marcel\AppData\Local\Programs\MiKTeX 2.9\tex/latex/geometry\geometry
.sty"
Package: geometry 2020/01/02 v5.9 Page Geometry

("C:\Users\Marcel\AppData\Local\Programs\MiKTeX 2.9\tex/latex/graphics\keyval.s
ty"
Package: keyval 2014/10/28 v1.15 key=value parser (DPC)
\KV@toks@=\toks14
)
("C:\Users\Marcel\AppData\Local\Programs\MiKTeX 2.9\tex/generic/iftex\ifvtex.st
y"
Package: ifvtex 2019/10/25 v1.7 ifvtex legacy package. Use iftex instead.

("C:\Users\Marcel\AppData\Local\Programs\MiKTeX 2.9\tex/generic/iftex\iftex.sty
"
Package: iftex 2019/11/07 v1.0c TeX engine tests
))
\Gm@cnth=\count175
\Gm@cntv=\count176
\c@Gm@tempcnt=\count177
\Gm@bindingoffset=\dimen135
\Gm@wd@mp=\dimen136
\Gm@odd@mp=\dimen137
\Gm@even@mp=\dimen138
\Gm@layoutwidth=\dimen139
\Gm@layoutheight=\dimen140
\Gm@layouthoffset=\dimen141
\Gm@layoutvoffset=\dimen142
\Gm@dimlist=\toks15

("C:\Users\Marcel\AppData\Local\Programs\MiKTeX 2.9\tex/latex/geometry\geometry
.cfg"))
("C:\Users\Marcel\AppData\Local\Programs\MiKTeX 2.9\tex/latex/paralist\paralist
.sty"
Package: paralist 2017/01/22 v2.7 Extended list environments
\pltopsep=\skip49
\plpartopsep=\skip50
\plitemsep=\skip51
\plparsep=\skip52
\pl@lab=\toks16
)
("C:\Users\Marcel\AppData\Local\Programs\MiKTeX 2.9\tex/latex/scalerel\scalerel
.sty"
Package: scalerel 2016/12/29 v1.8 Routines for constrained scaling and stretchi
ng of objects, relative to a reference object or in absolute terms

("C:\Users\Marcel\AppData\Local\Programs\MiKTeX 2.9\tex/latex/tools\calc.sty"
Package: calc 2017/05/25 v4.3 Infix arithmetic (KKT,FJ)
\calc@Acount=\count178
\calc@Bcount=\count179
\calc@Adimen=\dimen143
\calc@Bdimen=\dimen144
\calc@Askip=\skip53
\calc@Bskip=\skip54
LaTeX Info: Redefining \setlength on input line 80.
LaTeX Info: Redefining \addtolength on input line 81.
\calc@Ccount=\count180
\calc@Cskip=\skip55
)
("C:\Users\Marcel\AppData\Local\Programs\MiKTeX 2.9\tex/latex/graphics\graphicx
.sty"
Package: graphicx 2019/11/30 v1.2a Enhanced LaTeX Graphics (DPC,SPQR)

("C:\Users\Marcel\AppData\Local\Programs\MiKTeX 2.9\tex/latex/graphics\graphics
.sty"
Package: graphics 2019/11/30 v1.4a Standard LaTeX Graphics (DPC,SPQR)

("C:\Users\Marcel\AppData\Local\Programs\MiKTeX 2.9\tex/latex/graphics\trig.sty
"
Package: trig 2016/01/03 v1.10 sin cos tan (DPC)
)
("C:\Users\Marcel\AppData\Local\Programs\MiKTeX 2.9\tex/latex/graphics-cfg\grap
hics.cfg"
File: graphics.cfg 2016/06/04 v1.11 sample graphics configuration
)
Package graphics Info: Driver file: pdftex.def on input line 105.

("C:\Users\Marcel\AppData\Local\Programs\MiKTeX 2.9\tex/latex/graphics-def\pdft
ex.def"
File: pdftex.def 2018/01/08 v1.0l Graphics/color driver for pdftex
))
\Gin@req@height=\dimen145
\Gin@req@width=\dimen146
)
("C:\Users\Marcel\AppData\Local\Programs\MiKTeX 2.9\tex/latex/etoolbox\etoolbox
.sty"
Package: etoolbox 2019/09/21 v2.5h e-TeX tools for LaTeX (JAW)
\etb@tempcnta=\count181
)
\thesrwidth=\skip56
\thesrheight=\skip57
\srblobheight=\skip58
\srblobdepth=\skip59
\mnxsrwidth=\skip60
\LMex=\skip61
\LMpt=\skip62
)
("C:\Users\Marcel\AppData\Local\Programs\MiKTeX 2.9\tex/latex/amsfonts\amssymb.
sty"
Package: amssymb 2013/01/14 v3.01 AMS font symbols

("C:\Users\Marcel\AppData\Local\Programs\MiKTeX 2.9\tex/latex/amsfonts\amsfonts
.sty"
Package: amsfonts 2013/01/14 v3.01 Basic AMSFonts support
\@emptytoks=\toks17
\symAMSa=\mathgroup4
\symAMSb=\mathgroup5
LaTeX Font Info:    Redeclaring math symbol \hbar on input line 98.
LaTeX Font Info:    Overwriting math alphabet `\mathfrak' in version `bold'
(Font)                  U/euf/m/n --> U/euf/b/n on input line 106.
))
("C:\Users\Marcel\AppData\Local\Programs\MiKTeX 2.9\tex/latex/amsmath\amsmath.s
ty"
Package: amsmath 2020/01/20 v2.17e AMS math features
\@mathmargin=\skip63

For additional information on amsmath, use the `?' option.

("C:\Users\Marcel\AppData\Local\Programs\MiKTeX 2.9\tex/latex/amsmath\amstext.s
ty"
Package: amstext 2000/06/29 v2.01 AMS text

("C:\Users\Marcel\AppData\Local\Programs\MiKTeX 2.9\tex/latex/amsmath\amsgen.st
y"
File: amsgen.sty 1999/11/30 v2.0 generic functions
\@emptytoks=\toks18
\ex@=\dimen147
))
("C:\Users\Marcel\AppData\Local\Programs\MiKTeX 2.9\tex/latex/amsmath\amsbsy.st
y"
Package: amsbsy 1999/11/29 v1.2d Bold Symbols
\pmbraise@=\dimen148
)
("C:\Users\Marcel\AppData\Local\Programs\MiKTeX 2.9\tex/latex/amsmath\amsopn.st
y"
Package: amsopn 2016/03/08 v2.02 operator names
)
\inf@bad=\count182
LaTeX Info: Redefining \frac on input line 227.
\uproot@=\count183
\leftroot@=\count184
LaTeX Info: Redefining \overline on input line 389.
\classnum@=\count185
\DOTSCASE@=\count186
LaTeX Info: Redefining \ldots on input line 486.
LaTeX Info: Redefining \dots on input line 489.
LaTeX Info: Redefining \cdots on input line 610.
\Mathstrutbox@=\box45
\strutbox@=\box46
\big@size=\dimen149
LaTeX Font Info:    Redeclaring font encoding OML on input line 733.
LaTeX Font Info:    Redeclaring font encoding OMS on input line 734.
\macc@depth=\count187
\c@MaxMatrixCols=\count188
\dotsspace@=\muskip16
\c@parentequation=\count189
\dspbrk@lvl=\count190
\tag@help=\toks19
\row@=\count191
\column@=\count192
\maxfields@=\count193
\andhelp@=\toks20
\eqnshift@=\dimen150
\alignsep@=\dimen151
\tagshift@=\dimen152
\tagwidth@=\dimen153
\totwidth@=\dimen154
\lineht@=\dimen155
\@envbody=\toks21
\multlinegap=\skip64
\multlinetaggap=\skip65
\mathdisplay@stack=\toks22
LaTeX Info: Redefining \[ on input line 2859.
LaTeX Info: Redefining \] on input line 2860.
)
("C:\Users\Marcel\AppData\Local\Programs\MiKTeX 2.9\tex/latex/colortbl\colortbl
.sty"
Package: colortbl 2020/01/04 v1.0e Color table columns (DPC)

("C:\Users\Marcel\AppData\Local\Programs\MiKTeX 2.9\tex/latex/tools\array.sty"
Package: array 2019/08/31 v2.4l Tabular extension package (FMi)
\col@sep=\dimen156
\ar@mcellbox=\box47
\extrarowheight=\dimen157
\NC@list=\toks23
\extratabsurround=\skip66
\backup@length=\skip67
\ar@cellbox=\box48
)
("C:\Users\Marcel\AppData\Local\Programs\MiKTeX 2.9\tex/latex/graphics\color.st
y"
Package: color 2019/11/23 v1.2a Standard LaTeX Color (DPC)

("C:\Users\Marcel\AppData\Local\Programs\MiKTeX 2.9\tex/latex/graphics-cfg\colo
r.cfg"
File: color.cfg 2016/01/02 v1.6 sample color configuration
)
Package color Info: Driver file: pdftex.def on input line 147.
)
\everycr=\toks24
\minrowclearance=\skip68
)
("C:\Users\Marcel\AppData\Local\Programs\MiKTeX 2.9\tex/latex/multirow\multirow
.sty"
Package: multirow 2019/05/31 v2.5 Span multiple rows of a table
\multirow@colwidth=\skip69
\multirow@cntb=\count194
\multirow@dima=\skip70
\bigstrutjot=\dimen158
)
("C:\Users\Marcel\AppData\Local\Programs\MiKTeX 2.9\tex/latex/blindtext\blindte
xt.sty"
Package: blindtext 2012/01/06 V2.0 blindtext-Package

("C:\Users\Marcel\AppData\Local\Programs\MiKTeX 2.9\tex/latex/tools\xspace.sty"
Package: xspace 2014/10/28 v1.13 Space after command names (DPC,MH)
)
\c@blindtext=\count195
\c@Blindtext=\count196
\c@blind@countparstart=\count197
\blind@countxx=\count198
\blindtext@numBlindtext=\count199
\blind@countyy=\count266
\c@blindlist=\count267
\c@blindlistlevel=\count268
\c@blindlist@level=\count269
\blind@listitem=\count270
\c@blind@listcount=\count271
\c@blind@levelcount=\count272
\blind@mathformula=\count273
\blind@Mathformula=\count274
\c@blind@randomcount=\count275
\c@blind@randommax=\count276
\c@blind@pangramcount=\count277
\c@blind@pangrammax=\count278
)
("C:\Users\Marcel\AppData\Local\Programs\MiKTeX 2.9\tex/latex/reledmac\reledmac
.sty"
Package: reledmac 2020/03/08 v2.32.5 typesetting critical editions

("C:\Users\Marcel\AppData\Local\Programs\MiKTeX 2.9\tex/latex/xkeyval\xkeyval.s
ty"
Package: xkeyval 2014/12/03 v2.7a package option processing (HA)

("C:\Users\Marcel\AppData\Local\Programs\MiKTeX 2.9\tex/generic/xkeyval\xkeyval
.tex"
("C:\Users\Marcel\AppData\Local\Programs\MiKTeX 2.9\tex/generic/xkeyval\xkvutil
s.tex"
\XKV@toks=\toks25
\XKV@tempa@toks=\toks26
)
\XKV@depth=\count279
File: xkeyval.tex 2014/12/03 v2.7a key=value parser (HA)
))
("C:\Users\Marcel\AppData\Local\Programs\MiKTeX 2.9\tex/latex/xargs\xargs.sty"
Package: xargs 2008/03/22 v1.1  extended macro definitions  (mpg)
\xargs@max=\count280
\xargs@toksa=\toks27
\xargs@toksb=\toks28
)
("C:\Users\Marcel\AppData\Local\Programs\MiKTeX 2.9\tex/latex/l3packages/xparse
\xparse.sty"
("C:\Users\Marcel\AppData\Local\Programs\MiKTeX 2.9\tex/latex/l3kernel\expl3.st
y"
Package: expl3 2020-02-14 L3 programming layer (loader) 

("C:\Users\Marcel\AppData\Local\Programs\MiKTeX 2.9\tex/latex/l3backend\l3backe
nd-pdfmode.def"
File: l3backend-pdfmode.def 2020-02-03 L3 backend support: PDF mode
\l__kernel_color_stack_int=\count281
\l__pdf_internal_box=\box49
))
Package: xparse 2020-02-14 L3 Experimental document command parser
\l__xparse_current_arg_int=\count282
\g__xparse_grabber_int=\count283
\l__xparse_m_args_int=\count284
\l__xparse_v_nesting_int=\count285
)
("C:\Users\Marcel\AppData\Local\Programs\MiKTeX 2.9\tex/latex/bigfoot\suffix.st
y"
Package: suffix 2006/07/15 1.5a Variant command support
)
("C:\Users\Marcel\AppData\Local\Programs\MiKTeX 2.9\tex/latex/xstring\xstring.s
ty"
("C:\Users\Marcel\AppData\Local\Programs\MiKTeX 2.9\tex/generic/xstring\xstring
.tex"
\integerpart=\count286
\decimalpart=\count287
)
Package: xstring 2019/02/06 v1.83 String manipulations (CT)
)
("C:\Users\Marcel\AppData\Local\Programs\MiKTeX 2.9\tex/generic/iftex\ifluatex.
sty"
Package: ifluatex 2019/10/25 v1.5 ifluatex legacy package. Use iftex instead.
)
("C:\Users\Marcel\AppData\Local\Programs\MiKTeX 2.9\tex/latex/ragged2e\ragged2e
.sty"
Package: ragged2e 2019/07/28 v2.2 ragged2e Package (MS)

("C:\Users\Marcel\AppData\Local\Programs\MiKTeX 2.9\tex/latex/ms\everysel.sty"
Package: everysel 2011/10/28 v1.2 EverySelectfont Package (MS)
)
\CenteringLeftskip=\skip71
\RaggedLeftLeftskip=\skip72
\RaggedRightLeftskip=\skip73
\CenteringRightskip=\skip74
\RaggedLeftRightskip=\skip75
\RaggedRightRightskip=\skip76
\CenteringParfillskip=\skip77
\RaggedLeftParfillskip=\skip78
\RaggedRightParfillskip=\skip79
\JustifyingParfillskip=\skip80
\CenteringParindent=\skip81
\RaggedLeftParindent=\skip82
\RaggedRightParindent=\skip83
\JustifyingParindent=\skip84
)
("C:\Users\Marcel\AppData\Local\Programs\MiKTeX 2.9\tex/generic/iftex\ifxetex.s
ty"
Package: ifxetex 2019/10/25 v0.7 ifxetex legacy package. Use iftex instead.
)
\@l@dtempcnta=\count288
\@l@dtempcntb=\count289
\l@dnumpstartsL=\count290
\section@num=\count291
\pausenumbering@page@num=\count292
\led@toksa=\toks29
\led@toksb=\toks30
\line@margin=\count293
\line@margin@columns=\count294
\c@firstlinenum=\count295
\c@linenumincrement=\count296
\c@firstsublinenum=\count297
\c@sublinenumincrement=\count298
\lock@disp=\count299
\sublock@disp=\count300
\linenumsep=\skip85
\line@num=\count301
\subline@num=\count302
\absline@num=\count303
\@lock=\count304
\sub@lock=\count305
\page@num=\count306
\endpage@num=\count307
\endline@num=\count308
\endsubline@num=\count309
\this@section@page@num=\count310
\@inputcheck=\read2
\last@page@num=\count311
\this@section@last@page@num=\count312
\insert@count=\count313
\linenum@out=\write3
\@this@c@page=\count314
\@edtext@level=\count315
\c@edtext=\count316
\raw@text=\box50
\num@lines=\count317
\one@line=\box51
\par@line=\count318
\pstarts@typeset@L=\count319
\pstarts@read@L=\count320
\c@pstart=\count321
\ballast@count=\count322
\c@ballast=\count323
\@k=\count324
\@h=\dimen159
\old@hsize=\dimen160
\Afootins=\insert252
\mpAfootins=\insert251
\Aprevpage@num=\count325
\Aprevpage@numR=\count326
\footinsA=\insert250
\mpfootinsA=\insert249
\c@footnoteA=\count327
\footnoteA@reading=\count328
\prevpageA@num=\count329
\prevpageA@numR=\count330
\l@d@Aend=\write4
\Aend@bysection=\count331
\Bfootins=\insert248
\mpBfootins=\insert247
\Bprevpage@num=\count332
\Bprevpage@numR=\count333
\footinsB=\insert246
\mpfootinsB=\insert245
\c@footnoteB=\count334
\footnoteB@reading=\count335
\prevpageB@num=\count336
\prevpageB@numR=\count337
\l@d@Bend=\write5
\Bend@bysection=\count338
\Cfootins=\insert244
\mpCfootins=\insert243
\Cprevpage@num=\count339
\Cprevpage@numR=\count340
\footinsC=\insert242
\mpfootinsC=\insert241
\c@footnoteC=\count341
\footnoteC@reading=\count342
\prevpageC@num=\count343
\prevpageC@numR=\count344
\l@d@Cend=\write6
\Cend@bysection=\count345
\Dfootins=\insert240
\mpDfootins=\insert239
\Dprevpage@num=\count346
\Dprevpage@numR=\count347
\footinsD=\insert238
\mpfootinsD=\insert237
\c@footnoteD=\count348
\footnoteD@reading=\count349
\prevpageD@num=\count350
\prevpageD@numR=\count351
\l@d@Dend=\write7
\Dend@bysection=\count352
\Efootins=\insert236
\mpEfootins=\insert235
\Eprevpage@num=\count353
\Eprevpage@numR=\count354
\footinsE=\insert234
\mpfootinsE=\insert233
\c@footnoteE=\count355
\footnoteE@reading=\count356
\prevpageE@num=\count357
\prevpageE@numR=\count358
\l@d@Eend=\write8
\Eend@bysection=\count359
\c@par@page=\count360
\c@line=\count361
\c@subline=\count362
\c@absline=\count363
\sidenote@margin=\count364
\l@dlp@rbox=\box52
\l@drp@rbox=\box53
\ledlsnotewidth=\dimen161
\ledrsnotewidth=\dimen162
\ledlsnotesep=\dimen163
\ledrsnotesep=\dimen164
\c@labidx=\count365
\c@pageline=\count366
\@edindex@fornote@=\count367
\stanza@count=\count368
\stanzaindentbase=\skip86
\c@stanzaindentsrepetition=\count369
\stanza@modulo=\count370
\c@stanza=\count371
\@emptytoks=\toks31
\l@denvbody=\toks32
\l@dampcount=\count372
\l@dcolcount=\count373
\hilfsbox=\box54
\hilfsskip=\skip87
\Hilfsbox=\box55
\hilfscount=\count374
\dcoli=\dimen165
\dcolii=\dimen166
\dcoliii=\dimen167
\dcoliv=\dimen168
\dcolv=\dimen169
\dcolvi=\dimen170
\dcolvii=\dimen171
\dcolviii=\dimen172
\dcolix=\dimen173
\dcolx=\dimen174
\dcolxi=\dimen175
\dcolxii=\dimen176
\dcolxiii=\dimen177
\dcolxiv=\dimen178
\dcolxv=\dimen179
\dcolxvi=\dimen180
\dcolxvii=\dimen181
\dcolxviii=\dimen182
\dcolxix=\dimen183
\dcolxx=\dimen184
\dcolxxi=\dimen185
\dcolxxii=\dimen186
\dcolxxiii=\dimen187
\dcolxxiv=\dimen188
\dcolxxv=\dimen189
\dcolxxvi=\dimen190
\dcolxxvii=\dimen191
\dcolxxviii=\dimen192
\dcolxxix=\dimen193
\dcolxxx=\dimen194
\dcolerr=\dimen195
\edtabcolsep=\skip88
\edfilldimen=\dimen196
\c@addcolcount=\count375
\HILFSskip=\skip89
\Hilfsskip=\skip90
\tabhilfbox=\box56
\tabHilfbox=\box57
\eled@sectioning@out=\write9
)
("C:\Users\Marcel\AppData\Local\Programs\MiKTeX 2.9\tex/latex/changepage\change
page.sty"
Package: changepage 2009/10/20 v1.0c check page and change page layout
\c@cp@cntr=\count376
\cp@tempcnt=\count377
)
("C:\Users\Marcel\AppData\Local\Programs\MiKTeX 2.9\tex/latex/pgfplots\pgfplots
.sty"
("C:\Users\Marcel\AppData\Local\Programs\MiKTeX 2.9\tex/generic/pgfplots\pgfplo
ts.revision.tex")
Package: pgfplots 2018/03/28 v1.16 Data Visualization (1.16)

("C:\Users\Marcel\AppData\Local\Programs\MiKTeX 2.9\tex/latex/pgf/frontendlayer
\tikz.sty"
("C:\Users\Marcel\AppData\Local\Programs\MiKTeX 2.9\tex/latex/pgf/basiclayer\pg
f.sty"
("C:\Users\Marcel\AppData\Local\Programs\MiKTeX 2.9\tex/latex/pgf/utilities\pgf
rcs.sty"
("C:\Users\Marcel\AppData\Local\Programs\MiKTeX 2.9\tex/generic/pgf/utilities\p
gfutil-common.tex"
\pgfutil@everybye=\toks33
\pgfutil@tempdima=\dimen197
\pgfutil@tempdimb=\dimen198

("C:\Users\Marcel\AppData\Local\Programs\MiKTeX 2.9\tex/generic/pgf/utilities\p
gfutil-common-lists.tex"))
("C:\Users\Marcel\AppData\Local\Programs\MiKTeX 2.9\tex/generic/pgf/utilities\p
gfutil-latex.def"
\pgfutil@abb=\box58

("C:\Users\Marcel\AppData\Local\Programs\MiKTeX 2.9\tex/latex/ms\everyshi.sty"
Package: everyshi 2001/05/15 v3.00 EveryShipout Package (MS)
))
("C:\Users\Marcel\AppData\Local\Programs\MiKTeX 2.9\tex/generic/pgf/utilities\p
gfrcs.code.tex"
("C:\Users\Marcel\AppData\Local\Programs\MiKTeX 2.9\tex/generic/pgf\pgf.revisio
n.tex")
Package: pgfrcs 2020/01/08 v3.1.5b (3.1.5b)
))
Package: pgf 2020/01/08 v3.1.5b (3.1.5b)

("C:\Users\Marcel\AppData\Local\Programs\MiKTeX 2.9\tex/latex/pgf/basiclayer\pg
fcore.sty"
("C:\Users\Marcel\AppData\Local\Programs\MiKTeX 2.9\tex/latex/pgf/systemlayer\p
gfsys.sty"
("C:\Users\Marcel\AppData\Local\Programs\MiKTeX 2.9\tex/generic/pgf/systemlayer
\pgfsys.code.tex"
Package: pgfsys 2020/01/08 v3.1.5b (3.1.5b)

("C:\Users\Marcel\AppData\Local\Programs\MiKTeX 2.9\tex/generic/pgf/utilities\p
gfkeys.code.tex"
\pgfkeys@pathtoks=\toks34
\pgfkeys@temptoks=\toks35

("C:\Users\Marcel\AppData\Local\Programs\MiKTeX 2.9\tex/generic/pgf/utilities\p
gfkeysfiltered.code.tex"
\pgfkeys@tmptoks=\toks36
))
\pgf@x=\dimen199
\pgf@y=\dimen256
\pgf@xa=\dimen257
\pgf@ya=\dimen258
\pgf@xb=\dimen259
\pgf@yb=\dimen260
\pgf@xc=\dimen261
\pgf@yc=\dimen262
\pgf@xd=\dimen263
\pgf@yd=\dimen264
\w@pgf@writea=\write10
\r@pgf@reada=\read3
\c@pgf@counta=\count378
\c@pgf@countb=\count379
\c@pgf@countc=\count380
\c@pgf@countd=\count381
\t@pgf@toka=\toks37
\t@pgf@tokb=\toks38
\t@pgf@tokc=\toks39
\pgf@sys@id@count=\count382

("C:\Users\Marcel\AppData\Local\Programs\MiKTeX 2.9\tex/generic/pgf/systemlayer
\pgf.cfg"
File: pgf.cfg 2020/01/08 v3.1.5b (3.1.5b)
)
Driver file for pgf: pgfsys-pdftex.def

("C:\Users\Marcel\AppData\Local\Programs\MiKTeX 2.9\tex/generic/pgf/systemlayer
\pgfsys-pdftex.def"
File: pgfsys-pdftex.def 2020/01/08 v3.1.5b (3.1.5b)

("C:\Users\Marcel\AppData\Local\Programs\MiKTeX 2.9\tex/generic/pgf/systemlayer
\pgfsys-common-pdf.def"
File: pgfsys-common-pdf.def 2020/01/08 v3.1.5b (3.1.5b)
)))
("C:\Users\Marcel\AppData\Local\Programs\MiKTeX 2.9\tex/generic/pgf/systemlayer
\pgfsyssoftpath.code.tex"
File: pgfsyssoftpath.code.tex 2020/01/08 v3.1.5b (3.1.5b)
\pgfsyssoftpath@smallbuffer@items=\count383
\pgfsyssoftpath@bigbuffer@items=\count384
)
("C:\Users\Marcel\AppData\Local\Programs\MiKTeX 2.9\tex/generic/pgf/systemlayer
\pgfsysprotocol.code.tex"
File: pgfsysprotocol.code.tex 2020/01/08 v3.1.5b (3.1.5b)
))
("C:\Users\Marcel\AppData\Local\Programs\MiKTeX 2.9\tex/latex/xcolor\xcolor.sty
"
Package: xcolor 2016/05/11 v2.12 LaTeX color extensions (UK)

("C:\Users\Marcel\AppData\Local\Programs\MiKTeX 2.9\tex/latex/graphics-cfg\colo
r.cfg"
File: color.cfg 2016/01/02 v1.6 sample color configuration
)
Package xcolor Info: Driver file: pdftex.def on input line 225.
LaTeX Info: Redefining \color on input line 709.
Package xcolor Info: Model `cmy' substituted by `cmy0' on input line 1348.
Package xcolor Info: Model `hsb' substituted by `rgb' on input line 1352.
Package xcolor Info: Model `RGB' extended on input line 1364.
Package xcolor Info: Model `HTML' substituted by `rgb' on input line 1366.
Package xcolor Info: Model `Hsb' substituted by `hsb' on input line 1367.
Package xcolor Info: Model `tHsb' substituted by `hsb' on input line 1368.
Package xcolor Info: Model `HSB' substituted by `hsb' on input line 1369.
Package xcolor Info: Model `Gray' substituted by `gray' on input line 1370.
Package xcolor Info: Model `wave' substituted by `hsb' on input line 1371.
)
("C:\Users\Marcel\AppData\Local\Programs\MiKTeX 2.9\tex/generic/pgf/basiclayer\
pgfcore.code.tex"
Package: pgfcore 2020/01/08 v3.1.5b (3.1.5b)

("C:\Users\Marcel\AppData\Local\Programs\MiKTeX 2.9\tex/generic/pgf/math\pgfmat
h.code.tex"
("C:\Users\Marcel\AppData\Local\Programs\MiKTeX 2.9\tex/generic/pgf/math\pgfmat
hcalc.code.tex"
("C:\Users\Marcel\AppData\Local\Programs\MiKTeX 2.9\tex/generic/pgf/math\pgfmat
hutil.code.tex")
("C:\Users\Marcel\AppData\Local\Programs\MiKTeX 2.9\tex/generic/pgf/math\pgfmat
hparser.code.tex"
\pgfmath@dimen=\dimen265
\pgfmath@count=\count385
\pgfmath@box=\box59
\pgfmath@toks=\toks40
\pgfmath@stack@operand=\toks41
\pgfmath@stack@operation=\toks42
)
("C:\Users\Marcel\AppData\Local\Programs\MiKTeX 2.9\tex/generic/pgf/math\pgfmat
hfunctions.code.tex"
("C:\Users\Marcel\AppData\Local\Programs\MiKTeX 2.9\tex/generic/pgf/math\pgfmat
hfunctions.basic.code.tex")
("C:\Users\Marcel\AppData\Local\Programs\MiKTeX 2.9\tex/generic/pgf/math\pgfmat
hfunctions.trigonometric.code.tex")
("C:\Users\Marcel\AppData\Local\Programs\MiKTeX 2.9\tex/generic/pgf/math\pgfmat
hfunctions.random.code.tex")
("C:\Users\Marcel\AppData\Local\Programs\MiKTeX 2.9\tex/generic/pgf/math\pgfmat
hfunctions.comparison.code.tex")
("C:\Users\Marcel\AppData\Local\Programs\MiKTeX 2.9\tex/generic/pgf/math\pgfmat
hfunctions.base.code.tex")
("C:\Users\Marcel\AppData\Local\Programs\MiKTeX 2.9\tex/generic/pgf/math\pgfmat
hfunctions.round.code.tex")
("C:\Users\Marcel\AppData\Local\Programs\MiKTeX 2.9\tex/generic/pgf/math\pgfmat
hfunctions.misc.code.tex")
("C:\Users\Marcel\AppData\Local\Programs\MiKTeX 2.9\tex/generic/pgf/math\pgfmat
hfunctions.integerarithmetics.code.tex")))
("C:\Users\Marcel\AppData\Local\Programs\MiKTeX 2.9\tex/generic/pgf/math\pgfmat
hfloat.code.tex"
\c@pgfmathroundto@lastzeros=\count386
))
("C:\Users\Marcel\AppData\Local\Programs\MiKTeX 2.9\tex/generic/pgf/math\pgfint
.code.tex")
("C:\Users\Marcel\AppData\Local\Programs\MiKTeX 2.9\tex/generic/pgf/basiclayer\
pgfcorepoints.code.tex"
File: pgfcorepoints.code.tex 2020/01/08 v3.1.5b (3.1.5b)
\pgf@picminx=\dimen266
\pgf@picmaxx=\dimen267
\pgf@picminy=\dimen268
\pgf@picmaxy=\dimen269
\pgf@pathminx=\dimen270
\pgf@pathmaxx=\dimen271
\pgf@pathminy=\dimen272
\pgf@pathmaxy=\dimen273
\pgf@xx=\dimen274
\pgf@xy=\dimen275
\pgf@yx=\dimen276
\pgf@yy=\dimen277
\pgf@zx=\dimen278
\pgf@zy=\dimen279
)
("C:\Users\Marcel\AppData\Local\Programs\MiKTeX 2.9\tex/generic/pgf/basiclayer\
pgfcorepathconstruct.code.tex"
File: pgfcorepathconstruct.code.tex 2020/01/08 v3.1.5b (3.1.5b)
\pgf@path@lastx=\dimen280
\pgf@path@lasty=\dimen281
)
("C:\Users\Marcel\AppData\Local\Programs\MiKTeX 2.9\tex/generic/pgf/basiclayer\
pgfcorepathusage.code.tex"
File: pgfcorepathusage.code.tex 2020/01/08 v3.1.5b (3.1.5b)
\pgf@shorten@end@additional=\dimen282
\pgf@shorten@start@additional=\dimen283
)
("C:\Users\Marcel\AppData\Local\Programs\MiKTeX 2.9\tex/generic/pgf/basiclayer\
pgfcorescopes.code.tex"
File: pgfcorescopes.code.tex 2020/01/08 v3.1.5b (3.1.5b)
\pgfpic=\box60
\pgf@hbox=\box61
\pgf@layerbox@main=\box62
\pgf@picture@serial@count=\count387
)
("C:\Users\Marcel\AppData\Local\Programs\MiKTeX 2.9\tex/generic/pgf/basiclayer\
pgfcoregraphicstate.code.tex"
File: pgfcoregraphicstate.code.tex 2020/01/08 v3.1.5b (3.1.5b)
\pgflinewidth=\dimen284
)
("C:\Users\Marcel\AppData\Local\Programs\MiKTeX 2.9\tex/generic/pgf/basiclayer\
pgfcoretransformations.code.tex"
File: pgfcoretransformations.code.tex 2020/01/08 v3.1.5b (3.1.5b)
\pgf@pt@x=\dimen285
\pgf@pt@y=\dimen286
\pgf@pt@temp=\dimen287
)
("C:\Users\Marcel\AppData\Local\Programs\MiKTeX 2.9\tex/generic/pgf/basiclayer\
pgfcorequick.code.tex"
File: pgfcorequick.code.tex 2020/01/08 v3.1.5b (3.1.5b)
)
("C:\Users\Marcel\AppData\Local\Programs\MiKTeX 2.9\tex/generic/pgf/basiclayer\
pgfcoreobjects.code.tex"
File: pgfcoreobjects.code.tex 2020/01/08 v3.1.5b (3.1.5b)
)
("C:\Users\Marcel\AppData\Local\Programs\MiKTeX 2.9\tex/generic/pgf/basiclayer\
pgfcorepathprocessing.code.tex"
File: pgfcorepathprocessing.code.tex 2020/01/08 v3.1.5b (3.1.5b)
)
("C:\Users\Marcel\AppData\Local\Programs\MiKTeX 2.9\tex/generic/pgf/basiclayer\
pgfcorearrows.code.tex"
File: pgfcorearrows.code.tex 2020/01/08 v3.1.5b (3.1.5b)
\pgfarrowsep=\dimen288
)
("C:\Users\Marcel\AppData\Local\Programs\MiKTeX 2.9\tex/generic/pgf/basiclayer\
pgfcoreshade.code.tex"
File: pgfcoreshade.code.tex 2020/01/08 v3.1.5b (3.1.5b)
\pgf@max=\dimen289
\pgf@sys@shading@range@num=\count388
\pgf@shadingcount=\count389
)
("C:\Users\Marcel\AppData\Local\Programs\MiKTeX 2.9\tex/generic/pgf/basiclayer\
pgfcoreimage.code.tex"
File: pgfcoreimage.code.tex 2020/01/08 v3.1.5b (3.1.5b)

("C:\Users\Marcel\AppData\Local\Programs\MiKTeX 2.9\tex/generic/pgf/basiclayer\
pgfcoreexternal.code.tex"
File: pgfcoreexternal.code.tex 2020/01/08 v3.1.5b (3.1.5b)
\pgfexternal@startupbox=\box63
))
("C:\Users\Marcel\AppData\Local\Programs\MiKTeX 2.9\tex/generic/pgf/basiclayer\
pgfcorelayers.code.tex"
File: pgfcorelayers.code.tex 2020/01/08 v3.1.5b (3.1.5b)
)
("C:\Users\Marcel\AppData\Local\Programs\MiKTeX 2.9\tex/generic/pgf/basiclayer\
pgfcoretransparency.code.tex"
File: pgfcoretransparency.code.tex 2020/01/08 v3.1.5b (3.1.5b)
)
("C:\Users\Marcel\AppData\Local\Programs\MiKTeX 2.9\tex/generic/pgf/basiclayer\
pgfcorepatterns.code.tex"
File: pgfcorepatterns.code.tex 2020/01/08 v3.1.5b (3.1.5b)
)
("C:\Users\Marcel\AppData\Local\Programs\MiKTeX 2.9\tex/generic/pgf/basiclayer\
pgfcorerdf.code.tex"
File: pgfcorerdf.code.tex 2020/01/08 v3.1.5b (3.1.5b)
)))
("C:\Users\Marcel\AppData\Local\Programs\MiKTeX 2.9\tex/generic/pgf/modules\pgf
moduleshapes.code.tex"
File: pgfmoduleshapes.code.tex 2020/01/08 v3.1.5b (3.1.5b)
\pgfnodeparttextbox=\box64
)
("C:\Users\Marcel\AppData\Local\Programs\MiKTeX 2.9\tex/generic/pgf/modules\pgf
moduleplot.code.tex"
File: pgfmoduleplot.code.tex 2020/01/08 v3.1.5b (3.1.5b)
)
("C:\Users\Marcel\AppData\Local\Programs\MiKTeX 2.9\tex/latex/pgf/compatibility
\pgfcomp-version-0-65.sty"
Package: pgfcomp-version-0-65 2020/01/08 v3.1.5b (3.1.5b)
\pgf@nodesepstart=\dimen290
\pgf@nodesepend=\dimen291
)
("C:\Users\Marcel\AppData\Local\Programs\MiKTeX 2.9\tex/latex/pgf/compatibility
\pgfcomp-version-1-18.sty"
Package: pgfcomp-version-1-18 2020/01/08 v3.1.5b (3.1.5b)
))
("C:\Users\Marcel\AppData\Local\Programs\MiKTeX 2.9\tex/latex/pgf/utilities\pgf
for.sty"
("C:\Users\Marcel\AppData\Local\Programs\MiKTeX 2.9\tex/latex/pgf/utilities\pgf
keys.sty"
("C:\Users\Marcel\AppData\Local\Programs\MiKTeX 2.9\tex/generic/pgf/utilities\p
gfkeys.code.tex"))
("C:\Users\Marcel\AppData\Local\Programs\MiKTeX 2.9\tex/latex/pgf/math\pgfmath.
sty"
("C:\Users\Marcel\AppData\Local\Programs\MiKTeX 2.9\tex/generic/pgf/math\pgfmat
h.code.tex"))
("C:\Users\Marcel\AppData\Local\Programs\MiKTeX 2.9\tex/generic/pgf/utilities\p
gffor.code.tex"
Package: pgffor 2020/01/08 v3.1.5b (3.1.5b)

("C:\Users\Marcel\AppData\Local\Programs\MiKTeX 2.9\tex/generic/pgf/math\pgfmat
h.code.tex")
\pgffor@iter=\dimen292
\pgffor@skip=\dimen293
\pgffor@stack=\toks43
\pgffor@toks=\toks44
))
("C:\Users\Marcel\AppData\Local\Programs\MiKTeX 2.9\tex/generic/pgf/frontendlay
er/tikz\tikz.code.tex"
Package: tikz 2020/01/08 v3.1.5b (3.1.5b)

("C:\Users\Marcel\AppData\Local\Programs\MiKTeX 2.9\tex/generic/pgf/libraries\p
gflibraryplothandlers.code.tex"
File: pgflibraryplothandlers.code.tex 2020/01/08 v3.1.5b (3.1.5b)
\pgf@plot@mark@count=\count390
\pgfplotmarksize=\dimen294
)
\tikz@lastx=\dimen295
\tikz@lasty=\dimen296
\tikz@lastxsaved=\dimen297
\tikz@lastysaved=\dimen298
\tikz@lastmovetox=\dimen299
\tikz@lastmovetoy=\dimen300
\tikzleveldistance=\dimen301
\tikzsiblingdistance=\dimen302
\tikz@figbox=\box65
\tikz@figbox@bg=\box66
\tikz@tempbox=\box67
\tikz@tempbox@bg=\box68
\tikztreelevel=\count391
\tikznumberofchildren=\count392
\tikznumberofcurrentchild=\count393
\tikz@fig@count=\count394

("C:\Users\Marcel\AppData\Local\Programs\MiKTeX 2.9\tex/generic/pgf/modules\pgf
modulematrix.code.tex"
File: pgfmodulematrix.code.tex 2020/01/08 v3.1.5b (3.1.5b)
\pgfmatrixcurrentrow=\count395
\pgfmatrixcurrentcolumn=\count396
\pgf@matrix@numberofcolumns=\count397
)
\tikz@expandcount=\count398

("C:\Users\Marcel\AppData\Local\Programs\MiKTeX 2.9\tex/generic/pgf/frontendlay
er/tikz/libraries\tikzlibrarytopaths.code.tex"
File: tikzlibrarytopaths.code.tex 2020/01/08 v3.1.5b (3.1.5b)
)))
("C:\Users\Marcel\AppData\Local\Programs\MiKTeX 2.9\tex/generic/pgfplots\pgfplo
ts.code.tex"
("C:\Users\Marcel\AppData\Local\Programs\MiKTeX 2.9\tex/generic/pgfplots\pgfplo
tscore.code.tex"
\t@pgfplots@toka=\toks45
\t@pgfplots@tokb=\toks46
\t@pgfplots@tokc=\toks47
\pgfplots@tmpa=\dimen303
\c@pgfplots@coordindex=\count399
\c@pgfplots@scanlineindex=\count400

("C:\Users\Marcel\AppData\Local\Programs\MiKTeX 2.9\tex/generic/pgfplots/sys\pg
fplotssysgeneric.code.tex"))
("C:\Users\Marcel\AppData\Local\Programs\MiKTeX 2.9\tex/generic/pgfplots/libs\p
gfplotslibrary.code.tex")
("C:\Users\Marcel\AppData\Local\Programs\MiKTeX 2.9\tex/generic/pgfplots/oldpgf
compatib\pgfplotsoldpgfsupp_loader.code.tex"
("C:\Users\Marcel\AppData\Local\Programs\MiKTeX 2.9\tex/generic/pgf/libraries\p
gflibraryfpu.code.tex"))
("C:\Users\Marcel\AppData\Local\Programs\MiKTeX 2.9\tex/generic/pgfplots/util\p
gfplotsutil.code.tex"
("C:\Users\Marcel\AppData\Local\Programs\MiKTeX 2.9\tex/generic/pgfplots/listst
ructure\pgfplotsliststructure.code.tex")
("C:\Users\Marcel\AppData\Local\Programs\MiKTeX 2.9\tex/generic/pgfplots/listst
ructure\pgfplotsliststructureext.code.tex")
("C:\Users\Marcel\AppData\Local\Programs\MiKTeX 2.9\tex/generic/pgfplots/listst
ructure\pgfplotsarray.code.tex"
\c@pgfplotsarray@tmp=\count401
)
("C:\Users\Marcel\AppData\Local\Programs\MiKTeX 2.9\tex/generic/pgfplots/listst
ructure\pgfplotsmatrix.code.tex")
("C:\Users\Marcel\AppData\Local\Programs\MiKTeX 2.9\tex/generic/pgfplots/numtab
le\pgfplotstableshared.code.tex"
\c@pgfplotstable@counta=\count402
\t@pgfplotstable@a=\toks48
)
("C:\Users\Marcel\AppData\Local\Programs\MiKTeX 2.9\tex/generic/pgfplots/listst
ructure\pgfplotsdeque.code.tex")
("C:\Users\Marcel\AppData\Local\Programs\MiKTeX 2.9\tex/generic/pgfplots/util\p
gfplotsbinary.code.tex"
("C:\Users\Marcel\AppData\Local\Programs\MiKTeX 2.9\tex/generic/pgfplots/util\p
gfplotsbinary.data.code.tex"))
("C:\Users\Marcel\AppData\Local\Programs\MiKTeX 2.9\tex/generic/pgfplots/util\p
gfplotsutil.verb.code.tex")
("C:\Users\Marcel\AppData\Local\Programs\MiKTeX 2.9\tex/generic/pgfplots/libs\p
gflibrarypgfplots.surfshading.code.tex"
\c@pgfplotslibrarysurf@no=\count403

("C:\Users\Marcel\AppData\Local\Programs\MiKTeX 2.9\tex/generic/pgfplots/sys\pg
flibrarypgfplots.surfshading.pgfsys-pdftex.def")))
("C:\Users\Marcel\AppData\Local\Programs\MiKTeX 2.9\tex/generic/pgfplots/util\p
gfplotscolormap.code.tex"
("C:\Users\Marcel\AppData\Local\Programs\MiKTeX 2.9\tex/generic/pgfplots/util\p
gfplotscolor.code.tex"))
("C:\Users\Marcel\AppData\Local\Programs\MiKTeX 2.9\tex/generic/pgfplots\pgfplo
tsstackedplots.code.tex")
("C:\Users\Marcel\AppData\Local\Programs\MiKTeX 2.9\tex/generic/pgfplots\pgfplo
tsplothandlers.code.tex"
("C:\Users\Marcel\AppData\Local\Programs\MiKTeX 2.9\tex/generic/pgfplots\pgfplo
tsmeshplothandler.code.tex"
("C:\Users\Marcel\AppData\Local\Programs\MiKTeX 2.9\tex/generic/pgfplots\pgfplo
tsmeshplotimage.code.tex")))
("C:\Users\Marcel\AppData\Local\Programs\MiKTeX 2.9\tex/generic/pgfplots\pgfplo
ts.scaling.code.tex")
("C:\Users\Marcel\AppData\Local\Programs\MiKTeX 2.9\tex/generic/pgfplots\pgfplo
tscoordprocessing.code.tex")
("C:\Users\Marcel\AppData\Local\Programs\MiKTeX 2.9\tex/generic/pgfplots\pgfplo
ts.errorbars.code.tex")
("C:\Users\Marcel\AppData\Local\Programs\MiKTeX 2.9\tex/generic/pgfplots\pgfplo
ts.markers.code.tex")
("C:\Users\Marcel\AppData\Local\Programs\MiKTeX 2.9\tex/generic/pgfplots\pgfplo
tsticks.code.tex")
("C:\Users\Marcel\AppData\Local\Programs\MiKTeX 2.9\tex/generic/pgfplots\pgfplo
ts.paths.code.tex")
("C:\Users\Marcel\AppData\Local\Programs\MiKTeX 2.9\tex/generic/pgf/frontendlay
er/tikz/libraries\tikzlibrarydecorations.code.tex"
("C:\Users\Marcel\AppData\Local\Programs\MiKTeX 2.9\tex/generic/pgf/modules\pgf
moduledecorations.code.tex"
\pgfdecoratedcompleteddistance=\dimen304
\pgfdecoratedremainingdistance=\dimen305
\pgfdecoratedinputsegmentcompleteddistance=\dimen306
\pgfdecoratedinputsegmentremainingdistance=\dimen307
\pgf@decorate@distancetomove=\dimen308
\pgf@decorate@repeatstate=\count404
\pgfdecorationsegmentamplitude=\dimen309
\pgfdecorationsegmentlength=\dimen310
)
\tikz@lib@dec@box=\box69
)
("C:\Users\Marcel\AppData\Local\Programs\MiKTeX 2.9\tex/generic/pgf/frontendlay
er/tikz/libraries\tikzlibrarydecorations.pathmorphing.code.tex"
("C:\Users\Marcel\AppData\Local\Programs\MiKTeX 2.9\tex/generic/pgf/libraries/d
ecorations\pgflibrarydecorations.pathmorphing.code.tex"))
("C:\Users\Marcel\AppData\Local\Programs\MiKTeX 2.9\tex/generic/pgf/frontendlay
er/tikz/libraries\tikzlibrarydecorations.pathreplacing.code.tex"
("C:\Users\Marcel\AppData\Local\Programs\MiKTeX 2.9\tex/generic/pgf/libraries/d
ecorations\pgflibrarydecorations.pathreplacing.code.tex"))
\pgfplots@numplots=\count405
\pgfplots@xmin@reg=\dimen311
\pgfplots@xmax@reg=\dimen312
\pgfplots@ymin@reg=\dimen313
\pgfplots@ymax@reg=\dimen314
\pgfplots@zmin@reg=\dimen315
\pgfplots@zmax@reg=\dimen316
)
("C:\Users\Marcel\AppData\Local\Programs\MiKTeX 2.9\tex/generic/pgf/frontendlay
er/tikz/libraries\tikzlibraryplotmarks.code.tex"
File: tikzlibraryplotmarks.code.tex 2020/01/08 v3.1.5b (3.1.5b)

("C:\Users\Marcel\AppData\Local\Programs\MiKTeX 2.9\tex/generic/pgf/libraries\p
gflibraryplotmarks.code.tex"
File: pgflibraryplotmarks.code.tex 2020/01/08 v3.1.5b (3.1.5b)
)))
("C:\Users\Marcel\AppData\Local\Programs\MiKTeX 2.9\tex/generic/pgf/frontendlay
er/tikz/libraries\tikzlibrarypositioning.code.tex"
File: tikzlibrarypositioning.code.tex 2020/01/08 v3.1.5b (3.1.5b)
)
("C:\Users\Marcel\AppData\Local\Programs\MiKTeX 2.9\tex/generic/pgf/frontendlay
er/tikz/libraries\tikzlibraryshapes.geometric.code.tex"
File: tikzlibraryshapes.geometric.code.tex 2020/01/08 v3.1.5b (3.1.5b)

("C:\Users\Marcel\AppData\Local\Programs\MiKTeX 2.9\tex/generic/pgf/libraries/s
hapes\pgflibraryshapes.geometric.code.tex"
File: pgflibraryshapes.geometric.code.tex 2020/01/08 v3.1.5b (3.1.5b)
))
("C:\Users\Marcel\AppData\Local\Programs\MiKTeX 2.9\tex/generic/pgf/frontendlay
er/tikz/libraries\tikzlibraryarrows.code.tex"
File: tikzlibraryarrows.code.tex 2020/01/08 v3.1.5b (3.1.5b)

("C:\Users\Marcel\AppData\Local\Programs\MiKTeX 2.9\tex/generic/pgf/libraries\p
gflibraryarrows.code.tex"
File: pgflibraryarrows.code.tex 2020/01/08 v3.1.5b (3.1.5b)
\arrowsize=\dimen317
))
("C:\Users\Marcel\AppData\Local\Programs\MiKTeX 2.9\tex/latex/stix\stix.sty"
Package: stix 2018/04/17 v1.1.3-latex STIX fonts support package

("C:\Users\Marcel\AppData\Local\Programs\MiKTeX 2.9\tex/latex/base\textcomp.sty
"
Package: textcomp 2020/02/02 v2.0n Standard LaTeX package
LaTeX Font Info:    Changing ? sub-encoding to TS1/0 on input line 75.
)
Now handling font encoding LS1 ...
... no UTF-8 mapping file for font encoding LS1
Now handling font encoding LS2 ...
... no UTF-8 mapping file for font encoding LS2
LaTeX Font Info:    Redeclaring symbol font `letters' on input line 76.
LaTeX Font Info:    Encoding `OML' has changed to `LS1' for symbol font
(Font)              `letters' in the math version `normal' on input line 76.
LaTeX Font Info:    Overwriting symbol font `letters' in version `normal'
(Font)                  OML/cmm/m/it --> LS1/stix/m/it on input line 76.
LaTeX Font Info:    Encoding `OML' has changed to `LS1' for symbol font
(Font)              `letters' in the math version `bold' on input line 76.
LaTeX Font Info:    Overwriting symbol font `letters' in version `bold'
(Font)                  OML/cmm/b/it --> LS1/stix/m/it on input line 76.
LaTeX Font Info:    Redeclaring symbol font `operators' on input line 77.
LaTeX Font Info:    Encoding `OT1' has changed to `LS1' for symbol font
(Font)              `operators' in the math version `normal' on input line 77.
LaTeX Font Info:    Overwriting symbol font `operators' in version `normal'
(Font)                  OT1/cmr/m/n --> LS1/stix/m/n on input line 77.
LaTeX Font Info:    Encoding `OT1' has changed to `LS1' for symbol font
(Font)              `operators' in the math version `bold' on input line 77.
LaTeX Font Info:    Overwriting symbol font `operators' in version `bold'
(Font)                  OT1/cmr/bx/n --> LS1/stix/m/n on input line 77.
\symbold-operators=\mathgroup6
LaTeX Font Info:    Redeclaring symbol font `symbols' on input line 79.
LaTeX Font Info:    Encoding `OMS' has changed to `LS1' for symbol font
(Font)              `symbols' in the math version `normal' on input line 79.
LaTeX Font Info:    Overwriting symbol font `symbols' in version `normal'
(Font)                  OMS/cmsy/m/n --> LS1/stixscr/m/n on input line 79.
LaTeX Font Info:    Encoding `OMS' has changed to `LS1' for symbol font
(Font)              `symbols' in the math version `bold' on input line 79.
LaTeX Font Info:    Overwriting symbol font `symbols' in version `bold'
(Font)                  OMS/cmsy/b/n --> LS1/stixscr/m/n on input line 79.
\symsymbols2=\mathgroup7
\symsymbols3=\mathgroup8
\symsymbols4=\mathgroup9
\symintegrals=\mathgroup10
LaTeX Font Info:    Redeclaring symbol font `largesymbols' on input line 84.
LaTeX Font Info:    Encoding `OMX' has changed to `LS2' for symbol font
(Font)              `largesymbols' in the math version `normal' on input line 8
4.
LaTeX Font Info:    Overwriting symbol font `largesymbols' in version `normal'
(Font)                  OMX/cmex/m/n --> LS2/stixex/m/n on input line 84.
LaTeX Font Info:    Encoding `OMX' has changed to `LS2' for symbol font
(Font)              `largesymbols' in the math version `bold' on input line 84.

LaTeX Font Info:    Overwriting symbol font `largesymbols' in version `bold'
(Font)                  OMX/cmex/m/n --> LS2/stixex/m/n on input line 84.
\symarrows1=\mathgroup11
\symarrows2=\mathgroup12
\symarrows3=\mathgroup13
LaTeX Font Info:    Overwriting symbol font `letters' in version `bold'
(Font)                  LS1/stix/m/it --> LS1/stix/b/it on input line 88.
LaTeX Font Info:    Overwriting symbol font `operators' in version `bold'
(Font)                  LS1/stix/m/n --> LS1/stix/b/n on input line 89.
LaTeX Font Info:    Overwriting symbol font `symbols' in version `bold'
(Font)                  LS1/stixscr/m/n --> LS1/stixscr/b/n on input line 90.
LaTeX Font Info:    Overwriting symbol font `symbols2' in version `bold'
(Font)                  LS1/stixfrak/m/n --> LS1/stixfrak/b/n on input line 91.

LaTeX Font Info:    Overwriting symbol font `symbols3' in version `bold'
(Font)                  LS1/stixbb/m/n --> LS1/stixbb/b/n on input line 92.
LaTeX Font Info:    Overwriting symbol font `symbols4' in version `bold'
(Font)                  LS1/stixbb/m/it --> LS1/stixbb/b/it on input line 93.
LaTeX Font Info:    Overwriting symbol font `integrals' in version `bold'
(Font)                  LS2/stixcal/m/n --> LS2/stixcal/b/n on input line 94.
LaTeX Font Info:    Overwriting symbol font `largesymbols' in version `bold'
(Font)                  LS2/stixex/m/n --> LS2/stixex/b/n on input line 95.
LaTeX Font Info:    Overwriting symbol font `arrows1' in version `bold'
(Font)                  LS1/stixsf/m/n --> LS1/stixsf/b/n on input line 96.
LaTeX Font Info:    Overwriting symbol font `arrows2' in version `bold'
(Font)                  LS1/stixsf/m/it --> LS1/stixsf/b/it on input line 97.
LaTeX Font Info:    Overwriting symbol font `arrows3' in version `bold'
(Font)                  LS2/stixtt/m/n --> LS2/stixtt/b/n on input line 98.
LaTeX Font Info:    Redeclaring math alphabet \mathit on input line 99.
LaTeX Font Info:    Redeclaring math alphabet \mathfrak on input line 102.
LaTeX Font Info:    Redeclaring math alphabet \mathsf on input line 106.
LaTeX Font Info:    Redeclaring math alphabet \mathtt on input line 108.
LaTeX Font Info:    Redeclaring math alphabet \mathbf on input line 109.
LaTeX Info: Redefining \yen on input line 456.
LaTeX Info: Redefining \circledR on input line 458.
LaTeX Info: Redefining \checkmark on input line 460.
LaTeX Info: Redefining \maltese on input line 461.
LaTeX Font Info:    Redeclaring math accent \grave on input line 698.
LaTeX Font Info:    Redeclaring math accent \acute on input line 699.
LaTeX Font Info:    Redeclaring math accent \hat on input line 700.
LaTeX Font Info:    Redeclaring math accent \tilde on input line 701.
LaTeX Font Info:    Redeclaring math accent \bar on input line 702.
LaTeX Font Info:    Redeclaring math accent \breve on input line 703.
LaTeX Font Info:    Redeclaring math accent \dot on input line 704.
LaTeX Font Info:    Redeclaring math accent \ddot on input line 705.
LaTeX Font Info:    Redeclaring math accent \mathring on input line 707.
LaTeX Font Info:    Redeclaring math accent \check on input line 708.
LaTeX Font Info:    Redeclaring math accent \vec on input line 716.
LaTeX Font Info:    Redeclaring math accent \widehat on input line 728.
LaTeX Font Info:    Redeclaring math accent \widetilde on input line 729.
LaTeX Info: Redefining \vdots on input line 1518.
LaTeX Info: Redefining \cdots on input line 1522.
LaTeX Font Info:    Redeclaring math symbol \mathsterling on input line 1978.
LaTeX Info: Redefining \not on input line 2144.
)
("C:\Users\Marcel\AppData\Local\Programs\MiKTeX 2.9\tex/latex/stackengine\stack
engine.sty"
Package: stackengine 2017/02/13 v4.01\ Stacking text and objects in convenient 
ways

("C:\Users\Marcel\AppData\Local\Programs\MiKTeX 2.9\tex/latex/listofitems\listo
fitems.sty"
("C:\Users\Marcel\AppData\Local\Programs\MiKTeX 2.9\tex/generic/listofitems\lis
tofitems.tex"
\loi_cnt_foreach_nest=\count406
\loi_nestcnt=\count407
)
Package: listofitems 2019/08/21 v1.63 Grab items in lists using user-specified 
sep char (CT)
)
\c@@stackindex=\count408
\@boxshift=\skip91
\stack@tmplength=\skip92
\temp@stkl=\skip93
\@stackedboxwidth=\skip94
\@addedbox=\box70
\@anchorbox=\box71
\stackedbox=\box72
\@centerbox=\box73
\c@ROWcellindex@=\count409
)
("C:\Users\Marcel\AppData\Local\Programs\MiKTeX 2.9\tex/latex/fancyhdr\fancyhdr
.sty"
Package: fancyhdr 2019/01/31 v3.10 Extensive control of page headers and footer
s
\f@nch@headwidth=\skip95
\f@nch@O@elh=\skip96
\f@nch@O@erh=\skip97
\f@nch@O@olh=\skip98
\f@nch@O@orh=\skip99
\f@nch@O@elf=\skip100
\f@nch@O@erf=\skip101
\f@nch@O@olf=\skip102
\f@nch@O@orf=\skip103
)
("C:\Users\Marcel\AppData\Local\Programs\MiKTeX 2.9\tex/latex/hyperref\hyperref
.sty"
Package: hyperref 2020/01/14 v7.00d Hypertext links for LaTeX

("C:\Users\Marcel\AppData\Local\Programs\MiKTeX 2.9\tex/generic/ltxcmds\ltxcmds
.sty"
Package: ltxcmds 2019/12/15 v1.24 LaTeX kernel commands for general use (HO)
)
("C:\Users\Marcel\AppData\Local\Programs\MiKTeX 2.9\tex/latex/pdftexcmds\pdftex
cmds.sty"
Package: pdftexcmds 2019/11/24 v0.31 Utility functions of pdfTeX for LuaTeX (HO
)

("C:\Users\Marcel\AppData\Local\Programs\MiKTeX 2.9\tex/generic/infwarerr\infwa
rerr.sty"
Package: infwarerr 2019/12/03 v1.5 Providing info/warning/error messages (HO)
)
Package pdftexcmds Info: \pdf@primitive is available.
Package pdftexcmds Info: \pdf@ifprimitive is available.
Package pdftexcmds Info: \pdfdraftmode found.
)
("C:\Users\Marcel\AppData\Local\Programs\MiKTeX 2.9\tex/generic/kvsetkeys\kvset
keys.sty"
Package: kvsetkeys 2019/12/15 v1.18 Key value parser (HO)
)
("C:\Users\Marcel\AppData\Local\Programs\MiKTeX 2.9\tex/generic/kvdefinekeys\kv
definekeys.sty"
Package: kvdefinekeys 2019-12-19 v1.6 Define keys (HO)
)
("C:\Users\Marcel\AppData\Local\Programs\MiKTeX 2.9\tex/generic/pdfescape\pdfes
cape.sty"
Package: pdfescape 2019/12/09 v1.15 Implements pdfTeX's escape features (HO)
)
("C:\Users\Marcel\AppData\Local\Programs\MiKTeX 2.9\tex/latex/hycolor\hycolor.s
ty"
Package: hycolor 2020-01-27 v1.10 Color options for hyperref/bookmark (HO)
)
("C:\Users\Marcel\AppData\Local\Programs\MiKTeX 2.9\tex/latex/letltxmacro\letlt
xmacro.sty"
Package: letltxmacro 2019/12/03 v1.6 Let assignment for LaTeX macros (HO)
)
("C:\Users\Marcel\AppData\Local\Programs\MiKTeX 2.9\tex/latex/auxhook\auxhook.s
ty"
Package: auxhook 2019-12-17 v1.6 Hooks for auxiliary files (HO)
)
("C:\Users\Marcel\AppData\Local\Programs\MiKTeX 2.9\tex/latex/kvoptions\kvoptio
ns.sty"
Package: kvoptions 2019/11/29 v3.13 Key value format for package options (HO)
)
\@linkdim=\dimen318
\Hy@linkcounter=\count410
\Hy@pagecounter=\count411

("C:\Users\Marcel\AppData\Local\Programs\MiKTeX 2.9\tex/latex/hyperref\pd1enc.d
ef"
File: pd1enc.def 2020/01/14 v7.00d Hyperref: PDFDocEncoding definition (HO)
Now handling font encoding PD1 ...
... no UTF-8 mapping file for font encoding PD1
)
("C:\Users\Marcel\AppData\Local\Programs\MiKTeX 2.9\tex/generic/intcalc\intcalc
.sty"
Package: intcalc 2019/12/15 v1.3 Expandable calculations with integers (HO)
)
("C:\Users\Marcel\AppData\Local\Programs\MiKTeX 2.9\tex/generic/etexcmds\etexcm
ds.sty"
Package: etexcmds 2019/12/15 v1.7 Avoid name clashes with e-TeX commands (HO)
)
\Hy@SavedSpaceFactor=\count412
Package hyperref Info: Hyper figures OFF on input line 4547.
Package hyperref Info: Link nesting OFF on input line 4552.
Package hyperref Info: Hyper index ON on input line 4555.
Package hyperref Info: Plain pages OFF on input line 4562.
Package hyperref Info: Backreferencing OFF on input line 4567.
Package hyperref Info: Implicit mode ON; LaTeX internals redefined.
Package hyperref Info: Bookmarks ON on input line 4800.
\c@Hy@tempcnt=\count413

("C:\Users\Marcel\AppData\Local\Programs\MiKTeX 2.9\tex/latex/url\url.sty"
\Urlmuskip=\muskip17
Package: url 2013/09/16  ver 3.4  Verb mode for urls, etc.
)
LaTeX Info: Redefining \url on input line 5159.
\XeTeXLinkMargin=\dimen319

("C:\Users\Marcel\AppData\Local\Programs\MiKTeX 2.9\tex/generic/bitset\bitset.s
ty"
Package: bitset 2019/12/09 v1.3 Handle bit-vector datatype (HO)

("C:\Users\Marcel\AppData\Local\Programs\MiKTeX 2.9\tex/generic/bigintcalc\bigi
ntcalc.sty"
Package: bigintcalc 2019/12/15 v1.5 Expandable calculations on big integers (HO
)
))
\Fld@menulength=\count414
\Field@Width=\dimen320
\Fld@charsize=\dimen321
Package hyperref Info: Hyper figures OFF on input line 6430.
Package hyperref Info: Link nesting OFF on input line 6435.
Package hyperref Info: Hyper index ON on input line 6438.
Package hyperref Info: backreferencing OFF on input line 6445.
Package hyperref Info: Link coloring OFF on input line 6450.
Package hyperref Info: Link coloring with OCG OFF on input line 6455.
Package hyperref Info: PDF/A mode OFF on input line 6460.
LaTeX Info: Redefining \ref on input line 6500.
LaTeX Info: Redefining \pageref on input line 6504.

("C:\Users\Marcel\AppData\Local\Programs\MiKTeX 2.9\tex/generic/atbegshi\atbegs
hi.sty"
Package: atbegshi 2019/12/05 v1.19 At begin shipout hook (HO)
)
\Hy@abspage=\count415
\c@Item=\count416
\c@Hfootnote=\count417
)
Package hyperref Info: Driver (autodetected): hpdftex.

("C:\Users\Marcel\AppData\Local\Programs\MiKTeX 2.9\tex/latex/hyperref\hpdftex.
def"
File: hpdftex.def 2020/01/14 v7.00d Hyperref driver for pdfTeX

("C:\Users\Marcel\AppData\Local\Programs\MiKTeX 2.9\tex/latex/atveryend\atverye
nd.sty"
Package: atveryend 2019-12-11 v1.11 Hooks at the very end of document (HO)
)
\Fld@listcount=\count418
\c@bookmark@seq@number=\count419

("C:\Users\Marcel\AppData\Local\Programs\MiKTeX 2.9\tex/latex/rerunfilecheck\re
runfilecheck.sty"
Package: rerunfilecheck 2019/12/05 v1.9 Rerun checks for auxiliary files (HO)

("C:\Users\Marcel\AppData\Local\Programs\MiKTeX 2.9\tex/generic/uniquecounter\u
niquecounter.sty"
Package: uniquecounter 2019/12/15 v1.4 Provide unlimited unique counter (HO)
)
Package uniquecounter Info: New unique counter `rerunfilecheck' on input line 2
86.
)
\Hy@SectionHShift=\skip104
) (Lectures_Dist-Algo.aux)
\openout1 = `Lectures_Dist-Algo.aux'.

LaTeX Font Info:    Checking defaults for OML/cmm/m/it on input line 55.
LaTeX Font Info:    ... okay on input line 55.
LaTeX Font Info:    Checking defaults for OMS/cmsy/m/n on input line 55.
LaTeX Font Info:    ... okay on input line 55.
LaTeX Font Info:    Checking defaults for OT1/cmr/m/n on input line 55.
LaTeX Font Info:    ... okay on input line 55.
LaTeX Font Info:    Checking defaults for T1/cmr/m/n on input line 55.
LaTeX Font Info:    ... okay on input line 55.
LaTeX Font Info:    Checking defaults for TS1/cmr/m/n on input line 55.
LaTeX Font Info:    ... okay on input line 55.
LaTeX Font Info:    Checking defaults for OMX/cmex/m/n on input line 55.
LaTeX Font Info:    ... okay on input line 55.
LaTeX Font Info:    Checking defaults for U/cmr/m/n on input line 55.
LaTeX Font Info:    ... okay on input line 55.
LaTeX Font Info:    Checking defaults for LS1/stix/m/n on input line 55.
LaTeX Font Info:    Trying to load font information for LS1+stix on input line 
55.

("C:\Users\Marcel\AppData\Local\Programs\MiKTeX 2.9\tex/latex/stix\ls1stix.fd"
File: ls1stix.fd 2015/04/17 v1.1.2-latex STIX LS1 font definitions
)
LaTeX Font Info:    ... okay on input line 55.
LaTeX Font Info:    Checking defaults for LS2/stix/m/n on input line 55.
LaTeX Font Info:    Trying to load font information for LS2+stix on input line 
55.
("C:\Users\Marcel\AppData\Local\Programs\MiKTeX 2.9\tex/latex/stix\ls2stix.fd"
File: ls2stix.fd 2015/04/17 v1.1.2-latex STIX LS2 font definitions
)
LaTeX Font Info:    ... okay on input line 55.
LaTeX Font Info:    Checking defaults for PD1/pdf/m/n on input line 55.
LaTeX Font Info:    ... okay on input line 55.
LaTeX Font Info:    Trying to load font information for T1+stix on input line 5
5.
("C:\Users\Marcel\AppData\Local\Programs\MiKTeX 2.9\tex/latex/stix\t1stix.fd"
File: t1stix.fd 2015/04/17 v1.1.2-latex STIX T1 font definitions
)
*geometry* driver: auto-detecting
*geometry* detected driver: pdftex
*geometry* verbose mode - [ preamble ] result:
* driver: pdftex
* paper: <default>
* layout: <same size as paper>
* layoutoffset:(h,v)=(0.0pt,0.0pt)
* modes: 
* h-part:(L,W,R)=(92.14519pt, 430.00462pt, 92.14519pt)
* v-part:(T,H,B)=(93.98798pt, 560.0pt, 140.98201pt)
* \paperwidth=614.295pt
* \paperheight=794.96999pt
* \textwidth=430.00462pt
* \textheight=560.0pt
* \oddsidemargin=19.8752pt
* \evensidemargin=19.8752pt
* \topmargin=-43.28201pt
* \headheight=40.0pt
* \headsep=25.0pt
* \topskip=10.0pt
* \footskip=30.0pt
* \marginparwidth=65.0pt
* \marginparsep=11.0pt
* \columnsep=10.0pt
* \skip\footins=9.0pt plus 4.0pt minus 2.0pt
* \hoffset=0.0pt
* \voffset=0.0pt
* \mag=1000
* \@twocolumnfalse
* \@twosidefalse
* \@mparswitchfalse
* \@reversemarginfalse
* (1in=72.27pt=25.4mm, 1cm=28.453pt)


("C:\Users\Marcel\AppData\Local\Programs\MiKTeX 2.9\tex/context/base/mkii\supp-
pdf.mkii"
[Loading MPS to PDF converter (version 2006.09.02).]
\scratchcounter=\count420
\scratchdimen=\dimen322
\scratchbox=\box74
\nofMPsegments=\count421
\nofMParguments=\count422
\everyMPshowfont=\toks49
\MPscratchCnt=\count423
\MPscratchDim=\dimen323
\MPnumerator=\count424
\makeMPintoPDFobject=\count425
\everyMPtoPDFconversion=\toks50
)
("C:\Users\Marcel\AppData\Local\Programs\MiKTeX 2.9\tex/latex/epstopdf-pkg\epst
opdf-base.sty"
Package: epstopdf-base 2020-01-24 v2.11 Base part for package epstopdf
Package epstopdf-base Info: Redefining graphics rule for `.eps' on input line 4
85.
) ABD: EverySelectfont initializing macros
LaTeX Info: Redefining \selectfont on input line 55.

ABD: EveryShipout initializing macros

Package pgfplots Warning: running in backwards compatibility mode (unsuitable t
ick labels; missing features). Consider writing \pgfplotsset{compat=1.16} into 
your preamble.
 on input line 55.

\AtBeginShipoutBox=\box75
Package hyperref Info: Link coloring OFF on input line 55.

("C:\Users\Marcel\AppData\Local\Programs\MiKTeX 2.9\tex/latex/hyperref\nameref.
sty"
Package: nameref 2019/09/16 v2.46 Cross-referencing by name of section

("C:\Users\Marcel\AppData\Local\Programs\MiKTeX 2.9\tex/latex/refcount\refcount
.sty"
Package: refcount 2019/12/15 v3.6 Data extraction from label references (HO)
)
("C:\Users\Marcel\AppData\Local\Programs\MiKTeX 2.9\tex/generic/gettitlestring\
gettitlestring.sty"
Package: gettitlestring 2019/12/15 v1.6 Cleanup title references (HO)
)
\c@section@level=\count426
)
LaTeX Info: Redefining \ref on input line 55.
LaTeX Info: Redefining \pageref on input line 55.
LaTeX Info: Redefining \nameref on input line 55.
 (Lectures_Dist-Algo.out) (Lectures_Dist-Algo.out)
\@outlinefile=\write11
\openout11 = `Lectures_Dist-Algo.out'.

LaTeX Font Info:    Trying to load font information for LS1+stixscr on input li
ne 70.

("C:\Users\Marcel\AppData\Local\Programs\MiKTeX 2.9\tex/latex/stix\ls1stixscr.f
d"
File: ls1stixscr.fd 2015/04/17 v1.1.2-latex STIX script LS1 font definitions
)
LaTeX Font Info:    Trying to load font information for LS2+stixex on input lin
e 70.

("C:\Users\Marcel\AppData\Local\Programs\MiKTeX 2.9\tex/latex/stix\ls2stixex.fd
"
File: ls2stixex.fd 2015/04/17 v1.1.2-latex STIX extentions LS2 font definitions

)
LaTeX Font Info:    Trying to load font information for U+msa on input line 70.


("C:\Users\Marcel\AppData\Local\Programs\MiKTeX 2.9\tex/latex/amsfonts\umsa.fd"
File: umsa.fd 2013/01/14 v3.01 AMS symbols A
)
LaTeX Font Info:    Trying to load font information for U+msb on input line 70.

 ("C:\Users\Marcel\AppData\Local\Programs\MiKTeX 2.9\tex/latex/amsfonts\umsb.fd
"
File: umsb.fd 2013/01/14 v3.01 AMS symbols B
)
LaTeX Font Info:    Trying to load font information for LS1+stixfrak on input l
ine 70.

("C:\Users\Marcel\AppData\Local\Programs\MiKTeX 2.9\tex/latex/stix\ls1stixfrak.
fd"
File: ls1stixfrak.fd 2015/04/17 v1.1.2-latex STIX fraktur LS1 font definitions
)
LaTeX Font Info:    Trying to load font information for LS1+stixbb on input lin
e 70.

("C:\Users\Marcel\AppData\Local\Programs\MiKTeX 2.9\tex/latex/stix\ls1stixbb.fd
"
File: ls1stixbb.fd 2015/04/17 v1.1.2-latex STIX blackboard LS1 font definitions

)
LaTeX Font Info:    Trying to load font information for LS2+stixcal on input li
ne 70.

("C:\Users\Marcel\AppData\Local\Programs\MiKTeX 2.9\tex/latex/stix\ls2stixcal.f
d"
File: ls2stixcal.fd 2015/04/17 v1.1.2-latex STIX calligraphic LS2 font definiti
ons
)
LaTeX Font Info:    Trying to load font information for LS1+stixsf on input lin
e 70.

("C:\Users\Marcel\AppData\Local\Programs\MiKTeX 2.9\tex/latex/stix\ls1stixsf.fd
"
File: ls1stixsf.fd 2015/04/17 v1.1.2-latex STIX sans-serif LS1 font definitions

)
LaTeX Font Info:    Trying to load font information for LS2+stixtt on input lin
e 70.

("C:\Users\Marcel\AppData\Local\Programs\MiKTeX 2.9\tex/latex/stix\ls2stixtt.fd
"
File: ls2stixtt.fd 2015/04/17 v1.1.2-latex STIX typewriter LS2 font definitions

)

Package paralist Warning: Incorrect label; no or multiple counters.
(paralist)                The label is: - on input line 71.


Package paralist Warning: Incorrect label; no or multiple counters.
(paralist)                The label is: - on input line 92.


Overfull \hbox (3.64526pt too wide) in paragraph at lines 77--93
[]
 []


Underfull \hbox (badness 10000) in paragraph at lines 77--93

 []


Underfull \hbox (badness 10000) in paragraph at lines 77--93

 []


Package hyperref Warning: Token not allowed in a PDF string (PDFDocEncoding):
(hyperref)                removing `math shift' on input line 99.


Package hyperref Warning: Token not allowed in a PDF string (PDFDocEncoding):
(hyperref)                removing `\@@underline' on input line 99.


Package hyperref Warning: Token not allowed in a PDF string (PDFDocEncoding):
(hyperref)                removing `\hbox' on input line 99.


Package hyperref Warning: Token not allowed in a PDF string (PDFDocEncoding):
(hyperref)                removing `\mathsurround' on input line 99.


Package hyperref Warning: Token not allowed in a PDF string (PDFDocEncoding):
(hyperref)                removing `\z@' on input line 99.


Package hyperref Warning: Token not allowed in a PDF string (PDFDocEncoding):
(hyperref)                removing `math shift' on input line 99.


Package paralist Warning: Incorrect label; no or multiple counters.
(paralist)                The label is: - on input line 101.


Package paralist Warning: Incorrect label; no or multiple counters.
(paralist)                The label is: \textbullet  on input line 104.

LaTeX Font Info:    Trying to load font information for TS1+stix on input line 
105.
("C:\Users\Marcel\AppData\Local\Programs\MiKTeX 2.9\tex/latex/stix\ts1stix.fd"
File: ts1stix.fd 2015/04/17 v1.1.2-latex STIX TS1 font definitions
)
<distributed.png, id=210, 301.125pt x 301.125pt>
File: distributed.png Graphic file (type png)
<use distributed.png>
Package pdftex.def Info: distributed.png  used on input line 161.
(pdftex.def)             Requested size: 39.14761pt x 39.14761pt.

Package Fancyhdr Warning: \headheight is too small (40.0pt): 
Make it at least 42.74765pt.
We now make it that large for the rest of the document.
This may cause the page layout to be inconsistent, however.

[1{C:/Users/Marcel/AppData/Local/MiKTeX/2.9/pdftex/config/pdftex.map}

 <./distributed.png>]

Package paralist Warning: Incorrect label; no or multiple counters.
(paralist)                The label is: - on input line 223.


Package paralist Warning: Incorrect label; no or multiple counters.
(paralist)                The label is: - on input line 229.

File: distributed.png Graphic file (type png)
<use distributed.png>
Package pdftex.def Info: distributed.png  used on input line 237.
(pdftex.def)             Requested size: 39.14761pt x 39.14761pt.
[2]
Underfull \hbox (badness 10000) in paragraph at lines 257--261

 []

File: distributed.png Graphic file (type png)
<use distributed.png>
Package pdftex.def Info: distributed.png  used on input line 283.
(pdftex.def)             Requested size: 39.14761pt x 39.14761pt.
[3]

Package paralist Warning: Incorrect label; no or multiple counters.
(paralist)                The label is: - on input line 310.


Package paralist Warning: Incorrect label; no or multiple counters.
(paralist)                The label is: - on input line 318.


Package paralist Warning: Incorrect label; no or multiple counters.
(paralist)                The label is: \footnotesize {\textbullet } on input l
ine 327.


Underfull \hbox (badness 10000) in paragraph at lines 326--328

 []


Overfull \hbox (0.23723pt too wide) in paragraph at lines 330--332
[]\T1/stix/b/n/10 Liveness prop-er-ties \T1/stix/m/n/10 (\T1/stix/m/it/10 some-
thing "good" will hap-pen in the fu-ture \T1/stix/m/n/10 [\T1/stix/m/sc/10 even
tually\T1/stix/m/n/10 ]) 
 []


Package paralist Warning: Incorrect label; no or multiple counters.
(paralist)                The label is: - on input line 339.


Package paralist Warning: Incorrect label; no or multiple counters.
(paralist)                The label is: \tiny {\textbullet } on input line 343.



Package paralist Warning: Incorrect label; no or multiple counters.
(paralist)                The label is: \footnotesize {\textbullet } on input l
ine 354.


Package paralist Warning: Incorrect label; no or multiple counters.
(paralist)                The label is: - on input line 357.

File: distributed.png Graphic file (type png)
<use distributed.png>
Package pdftex.def Info: distributed.png  used on input line 358.
(pdftex.def)             Requested size: 39.14761pt x 39.14761pt.
[4]

Package paralist Warning: Incorrect label; no or multiple counters.
(paralist)                The label is: - on input line 361.


Package paralist Warning: Incorrect label; no or multiple counters.
(paralist)                The label is: - on input line 366.


Package paralist Warning: Incorrect label; no or multiple counters.
(paralist)                The label is:  on input line 382.


Package paralist Warning: Incorrect label; no or multiple counters.
(paralist)                The label is:  on input line 387.


Package paralist Warning: Incorrect label; no or multiple counters.
(paralist)                The label is:  on input line 397.


Package paralist Warning: Incorrect label; no or multiple counters.
(paralist)                The label is:  on input line 402.

File: distributed.png Graphic file (type png)
<use distributed.png>
Package pdftex.def Info: distributed.png  used on input line 416.
(pdftex.def)             Requested size: 39.14761pt x 39.14761pt.
[5]

Package paralist Warning: Incorrect label; no or multiple counters.
(paralist)                The label is: \footnotesize {\textbullet } on input l
ine 432.


Package paralist Warning: Incorrect label; no or multiple counters.
(paralist)                The label is: - on input line 434.

File: distributed.png Graphic file (type png)
<use distributed.png>
Package pdftex.def Info: distributed.png  used on input line 498.
(pdftex.def)             Requested size: 39.14761pt x 39.14761pt.
[6]

Package paralist Warning: Incorrect label; no or multiple counters.
(paralist)                The label is: - on input line 505.


Underfull \hbox (badness 10000) in paragraph at lines 523--567

 []


Underfull \hbox (badness 10000) in paragraph at lines 523--567

 []


Package paralist Warning: Incorrect label; no or multiple counters.
(paralist)                The label is: - on input line 578.


Underfull \hbox (badness 10000) in paragraph at lines 577--579

 []


Package paralist Warning: Incorrect label; no or multiple counters.
(paralist)                The label is: - on input line 582.


Package paralist Warning: Incorrect label; no or multiple counters.
(paralist)                The label is: - on input line 590.


Package paralist Warning: Incorrect label; no or multiple counters.
(paralist)                The label is: - on input line 595.

File: distributed.png Graphic file (type png)
<use distributed.png>
Package pdftex.def Info: distributed.png  used on input line 596.
(pdftex.def)             Requested size: 39.14761pt x 39.14761pt.
[7]

Package paralist Warning: Incorrect label; no or multiple counters.
(paralist)                The label is:  on input line 606.


Package paralist Warning: Incorrect label; no or multiple counters.
(paralist)                The label is:  on input line 615.


Package paralist Warning: Incorrect label; no or multiple counters.
(paralist)                The label is:  on input line 620.


Package hyperref Warning: Token not allowed in a PDF string (PDFDocEncoding):
(hyperref)                removing `math shift' on input line 630.


Package hyperref Warning: Token not allowed in a PDF string (PDFDocEncoding):
(hyperref)                removing `math shift' on input line 630.

File: distributed.png Graphic file (type png)
<use distributed.png>
Package pdftex.def Info: distributed.png  used on input line 655.
(pdftex.def)             Requested size: 39.14761pt x 39.14761pt.
[8]

Package paralist Warning: Incorrect label; no or multiple counters.
(paralist)                The label is:  on input line 662.


Underfull \hbox (badness 10000) in paragraph at lines 656--663

 []


Package paralist Warning: Incorrect label; no or multiple counters.
(paralist)                The label is:  on input line 669.


Package paralist Warning: Incorrect label; no or multiple counters.
(paralist)                The label is:  on input line 674.


Underfull \hbox (badness 10000) in paragraph at lines 680--681

 []

File: distributed.png Graphic file (type png)
<use distributed.png>
Package pdftex.def Info: distributed.png  used on input line 695.
(pdftex.def)             Requested size: 39.14761pt x 39.14761pt.
[9]
Overfull \hbox (67.16069pt too wide) in paragraph at lines 699--713
[][] 
 []


Package paralist Warning: Incorrect label; no or multiple counters.
(paralist)                The label is: - on input line 717.


Package paralist Warning: Incorrect label; no or multiple counters.
(paralist)                The label is: - on input line 756.


Underfull \hbox (badness 10000) in paragraph at lines 723--757

 []


Underfull \hbox (badness 10000) in paragraph at lines 723--757

 []

File: distributed.png Graphic file (type png)
<use distributed.png>
Package pdftex.def Info: distributed.png  used on input line 757.
(pdftex.def)             Requested size: 39.14761pt x 39.14761pt.
[10]

Package paralist Warning: Incorrect label; no or multiple counters.
(paralist)                The label is: - on input line 776.


Package paralist Warning: Incorrect label; no or multiple counters.
(paralist)                The label is: - on input line 782.


Package paralist Warning: Incorrect label; no or multiple counters.
(paralist)                The label is:  on input line 789.


Package paralist Warning: Incorrect label; no or multiple counters.
(paralist)                The label is:  on input line 800.


Underfull \hbox (badness 10000) in paragraph at lines 804--827

 []


Underfull \hbox (badness 10000) in paragraph at lines 804--827

 []

File: distributed.png Graphic file (type png)
<use distributed.png>
Package pdftex.def Info: distributed.png  used on input line 827.
(pdftex.def)             Requested size: 39.14761pt x 39.14761pt.
[11]

Package paralist Warning: Incorrect label; no or multiple counters.
(paralist)                The label is:  on input line 870.


Package paralist Warning: Incorrect label; no or multiple counters.
(paralist)                The label is:  on input line 874.


Package paralist Warning: Incorrect label; no or multiple counters.
(paralist)                The label is:  on input line 882.


Package paralist Warning: Incorrect label; no or multiple counters.
(paralist)                The label is:  on input line 892.


Overfull \hbox (78.5488pt too wide) in paragraph at lines 900--985
 [] 
 []

File: distributed.png Graphic file (type png)
<use distributed.png>
Package pdftex.def Info: distributed.png  used on input line 986.
(pdftex.def)             Requested size: 39.14761pt x 39.14761pt.
[12]
File: distributed.png Graphic file (type png)
<use distributed.png>
Package pdftex.def Info: distributed.png  used on input line 1022.
(pdftex.def)             Requested size: 39.14761pt x 39.14761pt.
 [13]

Package paralist Warning: Incorrect label; no or multiple counters.
(paralist)                The label is: - on input line 1028.

File: distributed.png Graphic file (type png)
<use distributed.png>
Package pdftex.def Info: distributed.png  used on input line 1056.
(pdftex.def)             Requested size: 39.14761pt x 39.14761pt.
[14]

Package paralist Warning: Incorrect label; no or multiple counters.
(paralist)                The label is: - on input line 1059.

File: distributed.png Graphic file (type png)
<use distributed.png>
Package pdftex.def Info: distributed.png  used on input line 1096.
(pdftex.def)             Requested size: 39.14761pt x 39.14761pt.
[15]
Underfull \hbox (badness 10000) in paragraph at lines 1099--1120

 []


Underfull \hbox (badness 10000) in paragraph at lines 1099--1120

 []


Underfull \hbox (badness 10000) in paragraph at lines 1099--1120

 []


Underfull \hbox (badness 10000) in paragraph at lines 1123--1147

 []


Package paralist Warning: Incorrect label; no or multiple counters.
(paralist)                The label is: - on input line 1152.


Underfull \hbox (badness 10000) in paragraph at lines 1150--1153

 []


Underfull \hbox (badness 10000) in paragraph at lines 1150--1153

 []

File: distributed.png Graphic file (type png)
<use distributed.png>
Package pdftex.def Info: distributed.png  used on input line 1153.
(pdftex.def)             Requested size: 39.14761pt x 39.14761pt.
[16]

Package hyperref Warning: Token not allowed in a PDF string (PDFDocEncoding):
(hyperref)                removing `math shift' on input line 1157.


Package hyperref Warning: Token not allowed in a PDF string (PDFDocEncoding):
(hyperref)                removing `math shift' on input line 1157.


Package paralist Warning: Incorrect label; no or multiple counters.
(paralist)                The label is: - on input line 1161.


Underfull \hbox (badness 10000) in paragraph at lines 1159--1162

 []

File: distributed.png Graphic file (type png)
<use distributed.png>
Package pdftex.def Info: distributed.png  used on input line 1168.
(pdftex.def)             Requested size: 39.14761pt x 39.14761pt.
[17]
Underfull \hbox (badness 10000) in paragraph at lines 1174--1175

 []


Package hyperref Warning: Token not allowed in a PDF string (PDFDocEncoding):
(hyperref)                removing `math shift' on input line 1175.


Package hyperref Warning: Token not allowed in a PDF string (PDFDocEncoding):
(hyperref)                removing `math shift' on input line 1175.


Package paralist Warning: Incorrect label; no or multiple counters.
(paralist)                The label is: - on input line 1179.


Underfull \hbox (badness 10000) in paragraph at lines 1177--1180

 []


Overfull \hbox (59.3123pt too wide) in paragraph at lines 1186--1210
 [] 
 []

File: distributed.png Graphic file (type png)
<use distributed.png>
Package pdftex.def Info: distributed.png  used on input line 1211.
(pdftex.def)             Requested size: 39.14761pt x 39.14761pt.
[18]

Package paralist Warning: Incorrect label; no or multiple counters.
(paralist)                The label is: - on input line 1212.


Underfull \hbox (badness 10000) in paragraph at lines 1213--1216

 []


Package paralist Warning: Incorrect label; no or multiple counters.
(paralist)                The label is: - on input line 1236.


Underfull \hbox (badness 10000) in paragraph at lines 1235--1237

 []


Package paralist Warning: Incorrect label; no or multiple counters.
(paralist)                The label is: - on input line 1244.


Package paralist Warning: Incorrect label; no or multiple counters.
(paralist)                The label is: \small {\textbullet } on input line 124
9.


Overfull \hbox (5.63225pt too wide) in paragraph at lines 1250--1251
[]\T1/stix/m/n/10 auxiliaty ser-vice within stor-age sys-tem will elim-i-nate d
if-fer-ences - "\T1/stix/m/it/10 anti-entropy\T1/stix/m/n/10 " 
 []


Package paralist Warning: Incorrect label; no or multiple counters.
(paralist)                The label is: - on input line 1267.


Underfull \hbox (badness 10000) in paragraph at lines 1266--1268

 []

File: distributed.png Graphic file (type png)
<use distributed.png>
Package pdftex.def Info: distributed.png  used on input line 1268.
(pdftex.def)             Requested size: 39.14761pt x 39.14761pt.
[19]

Package paralist Warning: Incorrect label; no or multiple counters.
(paralist)                The label is: \ldots  on input line 1270.


Package paralist Warning: Incorrect label; no or multiple counters.
(paralist)                The label is: \small {\textbullet } on input line 127
5.


Package paralist Warning: Incorrect label; no or multiple counters.
(paralist)                The label is: \ldots  on input line 1278.


Package paralist Warning: Incorrect label; no or multiple counters.
(paralist)                The label is: \small {\textbullet } on input line 128
4.

File: distributed.png Graphic file (type png)
<use distributed.png>
Package pdftex.def Info: distributed.png  used on input line 1294.
(pdftex.def)             Requested size: 39.14761pt x 39.14761pt.
[20]
File: distributed.png Graphic file (type png)
<use distributed.png>
Package pdftex.def Info: distributed.png  used on input line 1302.
(pdftex.def)             Requested size: 39.14761pt x 39.14761pt.
 [21]
Package atveryend Info: Empty hook `BeforeClearDocument' on input line 1302.
Package atveryend Info: Empty hook `AfterLastShipout' on input line 1302.
 (Lectures_Dist-Algo.aux)
Package atveryend Info: Executing hook `AtVeryEndDocument' on input line 1302.
Package atveryend Info: Executing hook `AtEndAfterFileList' on input line 1302.

Package rerunfilecheck Info: File `Lectures_Dist-Algo.out' has not changed.
(rerunfilecheck)             Checksum: A3BA79E4C91AABB39166BAC4177BE2DE;4131.
 ) 
Here is how much of TeX's memory you used:
 36718 strings out of 481556
 824938 string characters out of 2913401
 1186286 words of memory out of 3000000
 51131 multiletter control sequences out of 15000+200000
 647089 words of font info for 140 fonts, out of 3000000 for 9000
 1141 hyphenation exceptions out of 8191
 68i,30n,98p,1022b,1020s stack positions out of 5000i,500n,10000p,200000b,50000s
{C:/Users/Marcel/AppData/Local/Programs/MiKTeX 2.9/fonts/enc/dvips/stix/stix-
t1.enc}{C:/Users/Marcel/AppData/Local/Programs/MiKTeX 2.9/fonts/enc/dvips/stix/
stix-ts1.enc}<C:/Users/Marcel/AppData/Local/Programs/MiKTeX 2.9/fonts/type1/pub
lic/stix/STIXGeneral-Bold.pfb><C:/Users/Marcel/AppData/Local/Programs/MiKTeX 2.
9/fonts/type1/public/stix/STIXGeneral-BoldItalic.pfb><C:/Users/Marcel/AppData/L
ocal/Programs/MiKTeX 2.9/fonts/type1/public/stix/STIXGeneral-Italic.pfb><C:/Use
rs/Marcel/AppData/Local/Programs/MiKTeX 2.9/fonts/type1/public/stix/STIXGeneral
-Regular.pfb><C:/Users/Marcel/AppData/Local/Programs/MiKTeX 2.9/fonts/type1/pub
lic/stix/stix-mathbb.pfb><C:/Users/Marcel/AppData/Local/Programs/MiKTeX 2.9/fon
ts/type1/public/stix/stix-mathcal.pfb><C:/Users/Marcel/AppData/Local/Programs/M
iKTeX 2.9/fonts/type1/public/stix/stix-mathex.pfb><C:/Users/Marcel/AppData/Loca
l/Programs/MiKTeX 2.9/fonts/type1/public/stix/stix-mathfrak.pfb><C:/Users/Marce
l/AppData/Local/Programs/MiKTeX 2.9/fonts/type1/public/stix/stix-mathit.pfb><C:
/Users/Marcel/AppData/Local/Programs/MiKTeX 2.9/fonts/type1/public/stix/stix-ma
thrm.pfb><C:/Users/Marcel/AppData/Local/Programs/MiKTeX 2.9/fonts/type1/public/
stix/stix-mathscr.pfb><C:/Users/Marcel/AppData/Local/Programs/MiKTeX 2.9/fonts/
type1/public/stix/stix-mathsf.pfb><C:/Users/Marcel/AppData/Local/Programs/MiKTe
X 2.9/fonts/type1/public/stix/stix-mathtt.pfb>
Output written on Lectures_Dist-Algo.pdf (21 pages, 330004 bytes).
PDF statistics:
 532 PDF objects out of 1000 (max. 8388607)
 203 named destinations out of 1000 (max. 500000)
 426 words of extra memory for PDF output out of 10000 (max. 10000000)

