\BOOKMARK [1][-]{section.1}{One Time Pad}{}% 1
\BOOKMARK [2][-]{subsection.1.1}{What is [not] Cryptography}{section.1}% 2
\BOOKMARK [3][-]{subsubsection.1.1.1}{Introduction}{subsection.1.1}% 3
\BOOKMARK [3][-]{subsubsection.1.1.2}{Kerckhoff's principle}{subsection.1.1}% 4
\BOOKMARK [2][-]{subsection.1.2}{Specifics of One-Time Pad}{section.1}% 5
\BOOKMARK [1][-]{section.2}{The Basics of Proveable Security}{}% 6
\BOOKMARK [2][-]{subsection.2.1}{Generalizing and Abstracting One-Time Pad}{section.2}% 7
\BOOKMARK [3][-]{subsubsection.2.1.1}{Syntax \046 Correctness}{subsection.2.1}% 8
\BOOKMARK [2][-]{subsection.2.2}{Towards an Abstract Security Definition}{section.2}% 9
\BOOKMARK [3][-]{subsubsection.2.2.1}{Adversary as Distinguishers}{subsection.2.2}% 10
\BOOKMARK [3][-]{subsubsection.2.2.2}{Chosen Plaintext Attack Template}{subsection.2.2}% 11
\BOOKMARK [2][-]{subsection.2.3}{Provable Security Fundamentals}{section.2}% 12
\BOOKMARK [3][-]{subsubsection.2.3.1}{Libraries \046 Interfaces}{subsection.2.3}% 13
\BOOKMARK [3][-]{subsubsection.2.3.2}{Semantics \046 Scopes}{subsection.2.3}% 14
\BOOKMARK [3][-]{subsubsection.2.3.3}{Interchangeability}{subsection.2.3}% 15
\BOOKMARK [3][-]{subsubsection.2.3.4}{Security Definition, Using New Terminology}{subsection.2.3}% 16
\BOOKMARK [2][-]{subsection.2.4}{How to Prove Security with the Hybrid Technique}{section.2}% 17
\BOOKMARK [3][-]{subsubsection.2.4.1}{Chaining Several Components}{subsection.2.4}% 18
\BOOKMARK [3][-]{subsubsection.2.4.2}{One-Time Secrecy of One-Time Pad}{subsection.2.4}% 19
\BOOKMARK [2][-]{subsection.2.5}{How to Demonstarte Insecurity with Attacks}{section.2}% 20
