This is pdfTeX, Version 3.14159265-2.6-1.40.19 (TeX Live 2018/W32TeX) (preloaded format=pdflatex 2019.2.26)  6 MAR 2020 14:38
entering extended mode
 restricted \write18 enabled.
 %&-line parsing enabled.
**Assignment01_Conc.tex
(./Assignment01_Conc.tex
LaTeX2e <2018-12-01>
(c:/texlive/2018/texmf-dist/tex/latex/base/article.cls
Document Class: article 2018/09/03 v1.4i Standard LaTeX document class
(c:/texlive/2018/texmf-dist/tex/latex/base/size10.clo
File: size10.clo 2018/09/03 v1.4i Standard LaTeX file (size option)
)
\c@part=\count80
\c@section=\count81
\c@subsection=\count82
\c@subsubsection=\count83
\c@paragraph=\count84
\c@subparagraph=\count85
\c@figure=\count86
\c@table=\count87
\abovecaptionskip=\skip41
\belowcaptionskip=\skip42
\bibindent=\dimen102
)
(c:/texlive/2018/texmf-dist/tex/latex/geometry/geometry.sty
Package: geometry 2018/04/16 v5.8 Page Geometry

(c:/texlive/2018/texmf-dist/tex/latex/graphics/keyval.sty
Package: keyval 2014/10/28 v1.15 key=value parser (DPC)
\KV@toks@=\toks14
)
(c:/texlive/2018/texmf-dist/tex/generic/oberdiek/ifpdf.sty
Package: ifpdf 2018/09/07 v3.3 Provides the ifpdf switch
)
(c:/texlive/2018/texmf-dist/tex/generic/oberdiek/ifvtex.sty
Package: ifvtex 2016/05/16 v1.6 Detect VTeX and its facilities (HO)
Package ifvtex Info: VTeX not detected.
)
(c:/texlive/2018/texmf-dist/tex/generic/ifxetex/ifxetex.sty
Package: ifxetex 2010/09/12 v0.6 Provides ifxetex conditional
)
\Gm@cnth=\count88
\Gm@cntv=\count89
\c@Gm@tempcnt=\count90
\Gm@bindingoffset=\dimen103
\Gm@wd@mp=\dimen104
\Gm@odd@mp=\dimen105
\Gm@even@mp=\dimen106
\Gm@layoutwidth=\dimen107
\Gm@layoutheight=\dimen108
\Gm@layouthoffset=\dimen109
\Gm@layoutvoffset=\dimen110
\Gm@dimlist=\toks15
)
(c:/texlive/2018/texmf-dist/tex/latex/paralist/paralist.sty
Package: paralist 2017/01/22 v2.7 Extended list environments
\pltopsep=\skip43
\plpartopsep=\skip44
\plitemsep=\skip45
\plparsep=\skip46
\pl@lab=\toks16
)
(c:/texlive/2018/texmf-dist/tex/latex/base/fontenc.sty
Package: fontenc 2018/08/11 v2.0j Standard LaTeX package

(c:/texlive/2018/texmf-dist/tex/latex/base/t1enc.def
File: t1enc.def 2018/08/11 v2.0j Standard LaTeX file
LaTeX Font Info:    Redeclaring font encoding T1 on input line 48.
))
(c:/texlive/2018/texmf-dist/tex/latex/reledmac/reledmac.sty
Package: reledmac 2019/02/22 v2.31.0 typesetting critical editions

(c:/texlive/2018/texmf-dist/tex/latex/xkeyval/xkeyval.sty
Package: xkeyval 2014/12/03 v2.7a package option processing (HA)

(c:/texlive/2018/texmf-dist/tex/generic/xkeyval/xkeyval.tex
(c:/texlive/2018/texmf-dist/tex/generic/xkeyval/xkvutils.tex
\XKV@toks=\toks17
\XKV@tempa@toks=\toks18
)
\XKV@depth=\count91
File: xkeyval.tex 2014/12/03 v2.7a key=value parser (HA)
))
(c:/texlive/2018/texmf-dist/tex/latex/xargs/xargs.sty
Package: xargs 2008/03/22 v1.1  extended macro definitions  (mpg)
\xargs@max=\count92
\xargs@toksa=\toks19
\xargs@toksb=\toks20
)
(c:/texlive/2018/texmf-dist/tex/latex/l3packages/xparse/xparse.sty
(c:/texlive/2018/texmf-dist/tex/latex/l3kernel/expl3.sty
Package: expl3 2019-02-15 L3 programming layer (loader) 

(c:/texlive/2018/texmf-dist/tex/latex/l3kernel/expl3-code.tex
Package: expl3 2019-02-15 L3 programming layer (code)
\c_max_int=\count93
\l_tmpa_int=\count94
\l_tmpb_int=\count95
\g_tmpa_int=\count96
\g_tmpb_int=\count97
\g__kernel_prg_map_int=\count98
\c_log_iow=\count99
\l_iow_line_count_int=\count100
\l__iow_line_target_int=\count101
\l__iow_one_indent_int=\count102
\l__iow_indent_int=\count103
\c_zero_dim=\dimen111
\c_max_dim=\dimen112
\l_tmpa_dim=\dimen113
\l_tmpb_dim=\dimen114
\g_tmpa_dim=\dimen115
\g_tmpb_dim=\dimen116
\c_zero_skip=\skip47
\c_max_skip=\skip48
\l_tmpa_skip=\skip49
\l_tmpb_skip=\skip50
\g_tmpa_skip=\skip51
\g_tmpb_skip=\skip52
\c_zero_muskip=\muskip10
\c_max_muskip=\muskip11
\l_tmpa_muskip=\muskip12
\l_tmpb_muskip=\muskip13
\g_tmpa_muskip=\muskip14
\g_tmpb_muskip=\muskip15
\l_keys_choice_int=\count104
\l__intarray_loop_int=\count105
\c__intarray_sp_dim=\dimen117
\g__intarray_font_int=\count106
\c__fp_leading_shift_int=\count107
\c__fp_middle_shift_int=\count108
\c__fp_trailing_shift_int=\count109
\c__fp_big_leading_shift_int=\count110
\c__fp_big_middle_shift_int=\count111
\c__fp_big_trailing_shift_int=\count112
\c__fp_Bigg_leading_shift_int=\count113
\c__fp_Bigg_middle_shift_int=\count114
\c__fp_Bigg_trailing_shift_int=\count115
\c__kernel_randint_max_int=\count116
\g__fp_array_int=\count117
\l__fp_array_loop_int=\count118
\l__sort_length_int=\count119
\l__sort_min_int=\count120
\l__sort_top_int=\count121
\l__sort_max_int=\count122
\l__sort_true_max_int=\count123
\l__sort_block_int=\count124
\l__sort_begin_int=\count125
\l__sort_end_int=\count126
\l__sort_A_int=\count127
\l__sort_B_int=\count128
\l__sort_C_int=\count129
\l__tl_analysis_normal_int=\count130
\l__tl_analysis_index_int=\count131
\l__tl_analysis_nesting_int=\count132
\l__tl_analysis_type_int=\count133
\l__regex_internal_a_int=\count134
\l__regex_internal_b_int=\count135
\l__regex_internal_c_int=\count136
\l__regex_balance_int=\count137
\l__regex_group_level_int=\count138
\l__regex_mode_int=\count139
\c__regex_cs_in_class_mode_int=\count140
\c__regex_cs_mode_int=\count141
\l__regex_catcodes_int=\count142
\l__regex_default_catcodes_int=\count143
\c__regex_catcode_D_int=\count144
\c__regex_catcode_S_int=\count145
\c__regex_catcode_L_int=\count146
\c__regex_catcode_O_int=\count147
\c__regex_catcode_A_int=\count148
\c__regex_all_catcodes_int=\count149
\l__regex_show_lines_int=\count150
\l__regex_min_state_int=\count151
\l__regex_max_state_int=\count152
\l__regex_left_state_int=\count153
\l__regex_right_state_int=\count154
\l__regex_capturing_group_int=\count155
\l__regex_min_pos_int=\count156
\l__regex_max_pos_int=\count157
\l__regex_curr_pos_int=\count158
\l__regex_start_pos_int=\count159
\l__regex_success_pos_int=\count160
\l__regex_curr_char_int=\count161
\l__regex_curr_catcode_int=\count162
\l__regex_last_char_int=\count163
\l__regex_case_changed_char_int=\count164
\l__regex_curr_state_int=\count165
\l__regex_step_int=\count166
\l__regex_min_active_int=\count167
\l__regex_max_active_int=\count168
\l__regex_replacement_csnames_int=\count169
\l__regex_match_count_int=\count170
\l__regex_min_submatch_int=\count171
\l__regex_submatch_int=\count172
\l__regex_zeroth_submatch_int=\count173
\g__regex_trace_regex_int=\count174
\c_empty_box=\box27
\l_tmpa_box=\box28
\l_tmpb_box=\box29
\g_tmpa_box=\box30
\g_tmpb_box=\box31
\l__box_top_dim=\dimen118
\l__box_bottom_dim=\dimen119
\l__box_left_dim=\dimen120
\l__box_right_dim=\dimen121
\l__box_top_new_dim=\dimen122
\l__box_bottom_new_dim=\dimen123
\l__box_left_new_dim=\dimen124
\l__box_right_new_dim=\dimen125
\l__box_internal_box=\box32
\l__coffin_internal_box=\box33
\l__coffin_internal_dim=\dimen126
\l__coffin_offset_x_dim=\dimen127
\l__coffin_offset_y_dim=\dimen128
\l__coffin_x_dim=\dimen129
\l__coffin_y_dim=\dimen130
\l__coffin_x_prime_dim=\dimen131
\l__coffin_y_prime_dim=\dimen132
\c_empty_coffin=\box34
\l__coffin_aligned_coffin=\box35
\l__coffin_aligned_internal_coffin=\box36
\l_tmpa_coffin=\box37
\l_tmpb_coffin=\box38
\g_tmpa_coffin=\box39
\g_tmpb_coffin=\box40
\c__coffin_empty_coffin=\box41
\l__coffin_display_coffin=\box42
\l__coffin_display_coord_coffin=\box43
\l__coffin_display_pole_coffin=\box44
\l__coffin_display_offset_dim=\dimen133
\l__coffin_display_x_dim=\dimen134
\l__coffin_display_y_dim=\dimen135
\g__file_internal_ior=\read1
\l__coffin_bounding_shift_dim=\dimen136
\l__coffin_left_corner_dim=\dimen137
\l__coffin_right_corner_dim=\dimen138
\l__coffin_bottom_corner_dim=\dimen139
\l__coffin_top_corner_dim=\dimen140
\l__coffin_scaled_total_height_dim=\dimen141
\l__coffin_scaled_width_dim=\dimen142
\l__seq_internal_a_int=\count175
\l__seq_internal_b_int=\count176
)
(c:/texlive/2018/texmf-dist/tex/latex/l3kernel/l3pdfmode.def
File: l3pdfmode.def 2019-02-15 v L3 Experimental driver: PDF mode
\l__driver_color_stack_int=\count177
))
Package: xparse 2018-10-17 L3 Experimental document command parser
\l__xparse_current_arg_int=\count178
\g__xparse_grabber_int=\count179
\l__xparse_m_args_int=\count180
\l__xparse_mandatory_args_int=\count181
\l__xparse_v_nesting_int=\count182
)
(c:/texlive/2018/texmf-dist/tex/latex/etoolbox/etoolbox.sty
Package: etoolbox 2018/08/19 v2.5f e-TeX tools for LaTeX (JAW)
\etb@tempcnta=\count183
)
(c:/texlive/2018/texmf-dist/tex/latex/bigfoot/suffix.sty
Package: suffix 2006/07/15 1.5a Variant command support
)
(c:/texlive/2018/texmf-dist/tex/generic/xstring/xstring.sty
(c:/texlive/2018/texmf-dist/tex/generic/xstring/xstring.tex
\integerpart=\count184
\decimalpart=\count185
)
Package: xstring 2019/02/06 v1.83 String manipulations (CT)
)
(c:/texlive/2018/texmf-dist/tex/generic/oberdiek/ifluatex.sty
Package: ifluatex 2016/05/16 v1.4 Provides the ifluatex switch (HO)
Package ifluatex Info: LuaTeX not detected.
)
(c:/texlive/2018/texmf-dist/tex/latex/ms/ragged2e.sty
Package: ragged2e 2009/05/21 v2.1 ragged2e Package (MS)

(c:/texlive/2018/texmf-dist/tex/latex/ms/everysel.sty
Package: everysel 2011/10/28 v1.2 EverySelectfont Package (MS)
)
\CenteringLeftskip=\skip53
\RaggedLeftLeftskip=\skip54
\RaggedRightLeftskip=\skip55
\CenteringRightskip=\skip56
\RaggedLeftRightskip=\skip57
\RaggedRightRightskip=\skip58
\CenteringParfillskip=\skip59
\RaggedLeftParfillskip=\skip60
\RaggedRightParfillskip=\skip61
\JustifyingParfillskip=\skip62
\CenteringParindent=\skip63
\RaggedLeftParindent=\skip64
\RaggedRightParindent=\skip65
\JustifyingParindent=\skip66
)
\@l@dtempcnta=\count186
\@l@dtempcntb=\count187
\l@dnumpstartsL=\count188
\section@num=\count189
\pausenumbering@page@num=\count190
\led@toksa=\toks21
\led@toksb=\toks22
\line@margin=\count191
\line@margin@columns=\count192
\c@firstlinenum=\count193
\c@linenumincrement=\count194
\c@firstsublinenum=\count195
\c@sublinenumincrement=\count196
\lock@disp=\count197
\sublock@disp=\count198
\linenumsep=\skip67
\line@num=\count199
\subline@num=\count266
\absline@num=\count267
\@lock=\count268
\sub@lock=\count269
\page@num=\count270
\endpage@num=\count271
\endline@num=\count272
\endsubline@num=\count273
\this@section@page@num=\count274
\@inputcheck=\read2
\last@page@num=\count275
\this@section@last@page@num=\count276
\insert@count=\count277
\linenum@out=\write3
\@edtext@level=\count278
\c@edtext=\count279
\raw@text=\box45
\num@lines=\count280
\one@line=\box46
\par@line=\count281
\pstarts@typeset@L=\count282
\pstarts@read@L=\count283
\c@pstart=\count284
\ballast@count=\count285
\c@ballast=\count286
\@k=\count287
\@h=\dimen143
\old@hsize=\dimen144
\Afootins=\insert252
\mpAfootins=\insert251
\Aprevpage@num=\count288
\Aprevpage@numR=\count289
\footinsA=\insert250
\mpfootinsA=\insert249
\c@footnoteA=\count290
\footnoteA@reading=\count291
\prevpageA@num=\count292
\prevpageA@numR=\count293
\l@d@Aend=\write4
\Aend@bysection=\count294
\Bfootins=\insert248
\mpBfootins=\insert247
\Bprevpage@num=\count295
\Bprevpage@numR=\count296
\footinsB=\insert246
\mpfootinsB=\insert245
\c@footnoteB=\count297
\footnoteB@reading=\count298
\prevpageB@num=\count299
\prevpageB@numR=\count300
\l@d@Bend=\write5
\Bend@bysection=\count301
\Cfootins=\insert244
\mpCfootins=\insert243
\Cprevpage@num=\count302
\Cprevpage@numR=\count303
\footinsC=\insert242
\mpfootinsC=\insert241
\c@footnoteC=\count304
\footnoteC@reading=\count305
\prevpageC@num=\count306
\prevpageC@numR=\count307
\l@d@Cend=\write6
\Cend@bysection=\count308
\Dfootins=\insert240
\mpDfootins=\insert239
\Dprevpage@num=\count309
\Dprevpage@numR=\count310
\footinsD=\insert238
\mpfootinsD=\insert237
\c@footnoteD=\count311
\footnoteD@reading=\count312
\prevpageD@num=\count313
\prevpageD@numR=\count314
\l@d@Dend=\write7
\Dend@bysection=\count315
\Efootins=\insert236
\mpEfootins=\insert235
\Eprevpage@num=\count316
\Eprevpage@numR=\count317
\footinsE=\insert234
\mpfootinsE=\insert233
\c@footnoteE=\count318
\footnoteE@reading=\count319
\prevpageE@num=\count320
\prevpageE@numR=\count321
\l@d@Eend=\write8
\Eend@bysection=\count322
\c@par@page=\count323
\c@line=\count324
\c@subline=\count325
\c@absline=\count326
\sidenote@margin=\count327
\l@dlp@rbox=\box47
\l@drp@rbox=\box48
\ledlsnotewidth=\dimen145
\ledrsnotewidth=\dimen146
\ledlsnotesep=\dimen147
\ledrsnotesep=\dimen148
\c@labidx=\count328
\c@pageline=\count329
\@edindex@fornote@=\count330
\stanza@count=\count331
\stanzaindentbase=\skip68
\c@stanzaindentsrepetition=\count332
\stanza@modulo=\count333
\c@stanza=\count334
\@emptytoks=\toks23
\l@denvbody=\toks24
\l@dampcount=\count335
\l@dcolcount=\count336
\hilfsbox=\box49
\hilfsskip=\skip69
\Hilfsbox=\box50
\hilfscount=\count337
\dcoli=\dimen149
\dcolii=\dimen150
\dcoliii=\dimen151
\dcoliv=\dimen152
\dcolv=\dimen153
\dcolvi=\dimen154
\dcolvii=\dimen155
\dcolviii=\dimen156
\dcolix=\dimen157
\dcolx=\dimen158
\dcolxi=\dimen159
\dcolxii=\dimen160
\dcolxiii=\dimen161
\dcolxiv=\dimen162
\dcolxv=\dimen163
\dcolxvi=\dimen164
\dcolxvii=\dimen165
\dcolxviii=\dimen166
\dcolxix=\dimen167
\dcolxx=\dimen168
\dcolxxi=\dimen169
\dcolxxii=\dimen170
\dcolxxiii=\dimen171
\dcolxxiv=\dimen172
\dcolxxv=\dimen173
\dcolxxvi=\dimen174
\dcolxxvii=\dimen175
\dcolxxviii=\dimen176
\dcolxxix=\dimen177
\dcolxxx=\dimen178
\dcolerr=\dimen179
\edtabcolsep=\skip70
\edfilldimen=\dimen180
\c@addcolcount=\count338
\HILFSskip=\skip71
\Hilfsskip=\skip72
\tabhilfbox=\box51
\tabHilfbox=\box52
\eled@sectioning@out=\write9
)
(c:/texlive/2018/texmf-dist/tex/latex/changepage/changepage.sty
Package: changepage 2009/10/20 v1.0c check page and change page layout
\c@cp@cntr=\count339
\cp@tempcnt=\count340
)
(c:/texlive/2018/texmf-dist/tex/latex/amsmath/amsmath.sty
Package: amsmath 2018/12/01 v2.17b AMS math features
\@mathmargin=\skip73

For additional information on amsmath, use the `?' option.
(c:/texlive/2018/texmf-dist/tex/latex/amsmath/amstext.sty
Package: amstext 2000/06/29 v2.01 AMS text

(c:/texlive/2018/texmf-dist/tex/latex/amsmath/amsgen.sty
File: amsgen.sty 1999/11/30 v2.0 generic functions
\@emptytoks=\toks25
\ex@=\dimen181
))
(c:/texlive/2018/texmf-dist/tex/latex/amsmath/amsbsy.sty
Package: amsbsy 1999/11/29 v1.2d Bold Symbols
\pmbraise@=\dimen182
)
(c:/texlive/2018/texmf-dist/tex/latex/amsmath/amsopn.sty
Package: amsopn 2016/03/08 v2.02 operator names
)
\inf@bad=\count341
LaTeX Info: Redefining \frac on input line 223.
\uproot@=\count342
\leftroot@=\count343
LaTeX Info: Redefining \overline on input line 385.
\classnum@=\count344
\DOTSCASE@=\count345
LaTeX Info: Redefining \ldots on input line 482.
LaTeX Info: Redefining \dots on input line 485.
LaTeX Info: Redefining \cdots on input line 606.
\Mathstrutbox@=\box53
\strutbox@=\box54
\big@size=\dimen183
LaTeX Font Info:    Redeclaring font encoding OML on input line 729.
LaTeX Font Info:    Redeclaring font encoding OMS on input line 730.
\macc@depth=\count346
\c@MaxMatrixCols=\count347
\dotsspace@=\muskip16
\c@parentequation=\count348
\dspbrk@lvl=\count349
\tag@help=\toks26
\row@=\count350
\column@=\count351
\maxfields@=\count352
\andhelp@=\toks27
\eqnshift@=\dimen184
\alignsep@=\dimen185
\tagshift@=\dimen186
\tagwidth@=\dimen187
\totwidth@=\dimen188
\lineht@=\dimen189
\@envbody=\toks28
\multlinegap=\skip74
\multlinetaggap=\skip75
\mathdisplay@stack=\toks29
LaTeX Info: Redefining \[ on input line 2844.
LaTeX Info: Redefining \] on input line 2845.
)
(c:/texlive/2018/texmf-dist/tex/latex/scalerel/scalerel.sty
Package: scalerel 2016/12/29 v1.8 Routines for constrained scaling and stretchi
ng of objects, relative to a reference object or in absolute terms

(c:/texlive/2018/texmf-dist/tex/latex/tools/calc.sty
Package: calc 2017/05/25 v4.3 Infix arithmetic (KKT,FJ)
\calc@Acount=\count353
\calc@Bcount=\count354
\calc@Adimen=\dimen190
\calc@Bdimen=\dimen191
\calc@Askip=\skip76
\calc@Bskip=\skip77
LaTeX Info: Redefining \setlength on input line 80.
LaTeX Info: Redefining \addtolength on input line 81.
\calc@Ccount=\count355
\calc@Cskip=\skip78
)
(c:/texlive/2018/texmf-dist/tex/latex/graphics/graphicx.sty
Package: graphicx 2017/06/01 v1.1a Enhanced LaTeX Graphics (DPC,SPQR)

(c:/texlive/2018/texmf-dist/tex/latex/graphics/graphics.sty
Package: graphics 2017/06/25 v1.2c Standard LaTeX Graphics (DPC,SPQR)

(c:/texlive/2018/texmf-dist/tex/latex/graphics/trig.sty
Package: trig 2016/01/03 v1.10 sin cos tan (DPC)
)
(c:/texlive/2018/texmf-dist/tex/latex/graphics-cfg/graphics.cfg
File: graphics.cfg 2016/06/04 v1.11 sample graphics configuration
)
Package graphics Info: Driver file: pdftex.def on input line 99.

(c:/texlive/2018/texmf-dist/tex/latex/graphics-def/pdftex.def
File: pdftex.def 2018/01/08 v1.0l Graphics/color driver for pdftex
))
\Gin@req@height=\dimen192
\Gin@req@width=\dimen193
)
\thesrwidth=\skip79
\thesrheight=\skip80
\srblobheight=\skip81
\srblobdepth=\skip82
\mnxsrwidth=\skip83
\LMex=\skip84
\LMpt=\skip85
)
(c:/texlive/2018/texmf-dist/tex/latex/amsfonts/amssymb.sty
Package: amssymb 2013/01/14 v3.01 AMS font symbols

(c:/texlive/2018/texmf-dist/tex/latex/amsfonts/amsfonts.sty
Package: amsfonts 2013/01/14 v3.01 Basic AMSFonts support
\symAMSa=\mathgroup4
\symAMSb=\mathgroup5
LaTeX Font Info:    Overwriting math alphabet `\mathfrak' in version `bold'
(Font)                  U/euf/m/n --> U/euf/b/n on input line 106.
))
(c:/texlive/2018/texmf-dist/tex/latex/fancyhdr/fancyhdr.sty
Package: fancyhdr 2019/01/31 v3.10 Extensive control of page headers and footer
s
\f@nch@headwidth=\skip86
\f@nch@O@elh=\skip87
\f@nch@O@erh=\skip88
\f@nch@O@olh=\skip89
\f@nch@O@orh=\skip90
\f@nch@O@elf=\skip91
\f@nch@O@erf=\skip92
\f@nch@O@olf=\skip93
\f@nch@O@orf=\skip94
)
(c:/texlive/2018/texmf-dist/tex/latex/hyperref/hyperref.sty
Package: hyperref 2018/11/30 v6.88e Hypertext links for LaTeX

(c:/texlive/2018/texmf-dist/tex/generic/oberdiek/hobsub-hyperref.sty
Package: hobsub-hyperref 2016/05/16 v1.14 Bundle oberdiek, subset hyperref (HO)


(c:/texlive/2018/texmf-dist/tex/generic/oberdiek/hobsub-generic.sty
Package: hobsub-generic 2016/05/16 v1.14 Bundle oberdiek, subset generic (HO)
Package: hobsub 2016/05/16 v1.14 Construct package bundles (HO)
Package: infwarerr 2016/05/16 v1.4 Providing info/warning/error messages (HO)
Package: ltxcmds 2016/05/16 v1.23 LaTeX kernel commands for general use (HO)
Package hobsub Info: Skipping package `ifluatex' (already loaded).
Package hobsub Info: Skipping package `ifvtex' (already loaded).
Package: intcalc 2016/05/16 v1.2 Expandable calculations with integers (HO)
Package hobsub Info: Skipping package `ifpdf' (already loaded).
Package: etexcmds 2016/05/16 v1.6 Avoid name clashes with e-TeX commands (HO)
Package etexcmds Info: Could not find \expanded.
(etexcmds)             That can mean that you are not using pdfTeX 1.50 or
(etexcmds)             that some package has redefined \expanded.
(etexcmds)             In the latter case, load this package earlier.
Package: kvsetkeys 2016/05/16 v1.17 Key value parser (HO)
Package: kvdefinekeys 2016/05/16 v1.4 Define keys (HO)
Package: pdftexcmds 2018/09/10 v0.29 Utility functions of pdfTeX for LuaTeX (HO
)
Package pdftexcmds Info: LuaTeX not detected.
Package pdftexcmds Info: \pdf@primitive is available.
Package pdftexcmds Info: \pdf@ifprimitive is available.
Package pdftexcmds Info: \pdfdraftmode found.
Package: pdfescape 2016/05/16 v1.14 Implements pdfTeX's escape features (HO)
Package: bigintcalc 2016/05/16 v1.4 Expandable calculations on big integers (HO
)
Package: bitset 2016/05/16 v1.2 Handle bit-vector datatype (HO)
Package: uniquecounter 2016/05/16 v1.3 Provide unlimited unique counter (HO)
)
Package hobsub Info: Skipping package `hobsub' (already loaded).
Package: letltxmacro 2016/05/16 v1.5 Let assignment for LaTeX macros (HO)
Package: hopatch 2016/05/16 v1.3 Wrapper for package hooks (HO)
Package: xcolor-patch 2016/05/16 xcolor patch
Package: atveryend 2016/05/16 v1.9 Hooks at the very end of document (HO)
Package: atbegshi 2016/06/09 v1.18 At begin shipout hook (HO)
Package: refcount 2016/05/16 v3.5 Data extraction from label references (HO)
Package: hycolor 2016/05/16 v1.8 Color options for hyperref/bookmark (HO)
)
(c:/texlive/2018/texmf-dist/tex/latex/oberdiek/auxhook.sty
Package: auxhook 2016/05/16 v1.4 Hooks for auxiliary files (HO)
)
(c:/texlive/2018/texmf-dist/tex/latex/oberdiek/kvoptions.sty
Package: kvoptions 2016/05/16 v3.12 Key value format for package options (HO)
)
\@linkdim=\dimen194
\Hy@linkcounter=\count356
\Hy@pagecounter=\count357

(c:/texlive/2018/texmf-dist/tex/latex/hyperref/pd1enc.def
File: pd1enc.def 2018/11/30 v6.88e Hyperref: PDFDocEncoding definition (HO)
Now handling font encoding PD1 ...
... no UTF-8 mapping file for font encoding PD1
)
\Hy@SavedSpaceFactor=\count358

(c:/texlive/2018/texmf-dist/tex/latex/latexconfig/hyperref.cfg
File: hyperref.cfg 2002/06/06 v1.2 hyperref configuration of TeXLive
)
Package hyperref Info: Hyper figures OFF on input line 4519.
Package hyperref Info: Link nesting OFF on input line 4524.
Package hyperref Info: Hyper index ON on input line 4527.
Package hyperref Info: Plain pages OFF on input line 4534.
Package hyperref Info: Backreferencing OFF on input line 4539.
Package hyperref Info: Implicit mode ON; LaTeX internals redefined.
Package hyperref Info: Bookmarks ON on input line 4772.
\c@Hy@tempcnt=\count359

(c:/texlive/2018/texmf-dist/tex/latex/url/url.sty
\Urlmuskip=\muskip17
Package: url 2013/09/16  ver 3.4  Verb mode for urls, etc.
)
LaTeX Info: Redefining \url on input line 5125.
\XeTeXLinkMargin=\dimen195
\Fld@menulength=\count360
\Field@Width=\dimen196
\Fld@charsize=\dimen197
Package hyperref Info: Hyper figures OFF on input line 6380.
Package hyperref Info: Link nesting OFF on input line 6385.
Package hyperref Info: Hyper index ON on input line 6388.
Package hyperref Info: backreferencing OFF on input line 6395.
Package hyperref Info: Link coloring OFF on input line 6400.
Package hyperref Info: Link coloring with OCG OFF on input line 6405.
Package hyperref Info: PDF/A mode OFF on input line 6410.
LaTeX Info: Redefining \ref on input line 6450.
LaTeX Info: Redefining \pageref on input line 6454.
\Hy@abspage=\count361
\c@Item=\count362
\c@Hfootnote=\count363
)
Package hyperref Info: Driver (autodetected): hpdftex.

(c:/texlive/2018/texmf-dist/tex/latex/hyperref/hpdftex.def
File: hpdftex.def 2018/11/30 v6.88e Hyperref driver for pdfTeX
\Fld@listcount=\count364
\c@bookmark@seq@number=\count365

(c:/texlive/2018/texmf-dist/tex/latex/oberdiek/rerunfilecheck.sty
Package: rerunfilecheck 2016/05/16 v1.8 Rerun checks for auxiliary files (HO)
Package uniquecounter Info: New unique counter `rerunfilecheck' on input line 2
82.
)
\Hy@SectionHShift=\skip95
)
(./Assignment01_Conc.aux)
\openout1 = `Assignment01_Conc.aux'.

LaTeX Font Info:    Checking defaults for OML/cmm/m/it on input line 31.
LaTeX Font Info:    ... okay on input line 31.
LaTeX Font Info:    Checking defaults for T1/cmr/m/n on input line 31.
LaTeX Font Info:    ... okay on input line 31.
LaTeX Font Info:    Checking defaults for OT1/cmr/m/n on input line 31.
LaTeX Font Info:    ... okay on input line 31.
LaTeX Font Info:    Checking defaults for OMS/cmsy/m/n on input line 31.
LaTeX Font Info:    ... okay on input line 31.
LaTeX Font Info:    Checking defaults for OMX/cmex/m/n on input line 31.
LaTeX Font Info:    ... okay on input line 31.
LaTeX Font Info:    Checking defaults for U/cmr/m/n on input line 31.
LaTeX Font Info:    ... okay on input line 31.
LaTeX Font Info:    Checking defaults for PD1/pdf/m/n on input line 31.
LaTeX Font Info:    ... okay on input line 31.

*geometry* driver: auto-detecting
*geometry* detected driver: pdftex
*geometry* verbose mode - [ preamble ] result:
* driver: pdftex
* paper: <default>
* layout: <same size as paper>
* layoutoffset:(h,v)=(0.0pt,0.0pt)
* modes: 
* h-part:(L,W,R)=(92.14519pt, 430.00462pt, 92.14519pt)
* v-part:(T,H,B)=(95.39737pt, 556.47656pt, 143.09605pt)
* \paperwidth=614.295pt
* \paperheight=794.96999pt
* \textwidth=430.00462pt
* \textheight=556.47656pt
* \oddsidemargin=19.8752pt
* \evensidemargin=19.8752pt
* \topmargin=-13.87262pt
* \headheight=12.0pt
* \headsep=25.0pt
* \topskip=10.0pt
* \footskip=30.0pt
* \marginparwidth=65.0pt
* \marginparsep=11.0pt
* \columnsep=10.0pt
* \skip\footins=9.0pt plus 4.0pt minus 2.0pt
* \hoffset=0.0pt
* \voffset=0.0pt
* \mag=1000
* \@twocolumnfalse
* \@twosidefalse
* \@mparswitchfalse
* \@reversemarginfalse
* (1in=72.27pt=25.4mm, 1cm=28.453pt)

ABD: EverySelectfont initializing macros
LaTeX Info: Redefining \selectfont on input line 31.

(c:/texlive/2018/texmf-dist/tex/context/base/mkii/supp-pdf.mkii
[Loading MPS to PDF converter (version 2006.09.02).]
\scratchcounter=\count366
\scratchdimen=\dimen198
\scratchbox=\box55
\nofMPsegments=\count367
\nofMParguments=\count368
\everyMPshowfont=\toks30
\MPscratchCnt=\count369
\MPscratchDim=\dimen199
\MPnumerator=\count370
\makeMPintoPDFobject=\count371
\everyMPtoPDFconversion=\toks31
) (c:/texlive/2018/texmf-dist/tex/latex/oberdiek/epstopdf-base.sty
Package: epstopdf-base 2016/05/15 v2.6 Base part for package epstopdf

(c:/texlive/2018/texmf-dist/tex/latex/oberdiek/grfext.sty
Package: grfext 2016/05/16 v1.2 Manage graphics extensions (HO)
)
Package epstopdf-base Info: Redefining graphics rule for `.eps' on input line 4
38.
Package grfext Info: Graphics extension search list:
(grfext)             [.pdf,.png,.jpg,.mps,.jpeg,.jbig2,.jb2,.PDF,.PNG,.JPG,.JPE
G,.JBIG2,.JB2,.eps]
(grfext)             \AppendGraphicsExtensions on input line 456.

(c:/texlive/2018/texmf-dist/tex/latex/latexconfig/epstopdf-sys.cfg
File: epstopdf-sys.cfg 2010/07/13 v1.3 Configuration of (r)epstopdf for TeX Liv
e
))
\AtBeginShipoutBox=\box56
Package hyperref Info: Link coloring OFF on input line 31.

(c:/texlive/2018/texmf-dist/tex/latex/hyperref/nameref.sty
Package: nameref 2016/05/21 v2.44 Cross-referencing by name of section

(c:/texlive/2018/texmf-dist/tex/generic/oberdiek/gettitlestring.sty
Package: gettitlestring 2016/05/16 v1.5 Cleanup title references (HO)
)
\c@section@level=\count372
)
LaTeX Info: Redefining \ref on input line 31.
LaTeX Info: Redefining \pageref on input line 31.
LaTeX Info: Redefining \nameref on input line 31.

(./Assignment01_Conc.out) (./Assignment01_Conc.out)
\@outlinefile=\write10
\openout10 = `Assignment01_Conc.out'.

LaTeX Font Info:    Try loading font information for U+msa on input line 36.

(c:/texlive/2018/texmf-dist/tex/latex/amsfonts/umsa.fd
File: umsa.fd 2013/01/14 v3.01 AMS symbols A
)
LaTeX Font Info:    Try loading font information for U+msb on input line 36.

(c:/texlive/2018/texmf-dist/tex/latex/amsfonts/umsb.fd
File: umsb.fd 2013/01/14 v3.01 AMS symbols B
)
<./snippets/Output_power_10.png, id=4, 205.9695pt x 205.9695pt>
File: ./snippets/Output_power_10.png Graphic file (type png)
<use ./snippets/Output_power_10.png>
Package pdftex.def Info: ./snippets/Output_power_10.png  used on input line 39.

(pdftex.def)             Requested size: 123.58264pt x 123.58264pt.


Package paralist Warning: Incorrect label; no or multiple counters.
(paralist)                The label is:  on input line 51.


Underfull \hbox (badness 10000) in paragraph at lines 50--52

 []


Package Fancyhdr Warning: \headheight is too small (12.0pt): 
Make it at least 29.04187pt.
We now make it that large for the rest of the document.
This may cause the page layout to be inconsistent, however.

[1{c:/texlive/2018/texmf-var/fonts/map/pdftex/updmap/pdftex.map}

 <./snippets/Output_power_10.PNG>]
<./snippets/Output_power_11.png, id=33, 210.7875pt x 212.59425pt>
File: ./snippets/Output_power_11.png Graphic file (type png)
<use ./snippets/Output_power_11.png>
Package pdftex.def Info: ./snippets/Output_power_11.png  used on input line 64.

(pdftex.def)             Requested size: 126.47346pt x 127.55753pt.


Package paralist Warning: Incorrect label; no or multiple counters.
(paralist)                The label is:  on input line 76.


Underfull \hbox (badness 10000) in paragraph at lines 75--77

 []

[2 <./snippets/Output_power_11.PNG>]
<./snippets/Output_power_12.png, id=45, 217.41225pt x 210.7875pt>
File: ./snippets/Output_power_12.png Graphic file (type png)
<use ./snippets/Output_power_12.png>
Package pdftex.def Info: ./snippets/Output_power_12.png  used on input line 91.

(pdftex.def)             Requested size: 130.44833pt x 126.47346pt.


Package paralist Warning: Incorrect label; no or multiple counters.
(paralist)                The label is:  on input line 103.


Underfull \hbox (badness 10000) in paragraph at lines 102--104

 []

[3 <./snippets/Output_power_12.PNG>]
<./snippets/Output_power_13.png, id=57, 219.219pt x 210.18526pt>
File: ./snippets/Output_power_13.png Graphic file (type png)
<use ./snippets/Output_power_13.png>
Package pdftex.def Info: ./snippets/Output_power_13.png  used on input line 118
.
(pdftex.def)             Requested size: 131.5324pt x 126.11212pt.


Package paralist Warning: Incorrect label; no or multiple counters.
(paralist)                The label is:  on input line 130.


Underfull \hbox (badness 10000) in paragraph at lines 129--131

 []

[4 <./snippets/Output_power_13.PNG>]
<./snippets/Output_power_14.png, id=69, 227.6505pt x 85.5195pt>
File: ./snippets/Output_power_14.png Graphic file (type png)
<use ./snippets/Output_power_14.png>
Package pdftex.def Info: ./snippets/Output_power_14.png  used on input line 145
.
(pdftex.def)             Requested size: 136.59134pt x 51.31207pt.


Package paralist Warning: Incorrect label; no or multiple counters.
(paralist)                The label is:  on input line 158.


Underfull \hbox (badness 10000) in paragraph at lines 157--159

 []

Package atveryend Info: Empty hook `BeforeClearDocument' on input line 172.
[5 <./snippets/Output_power_14.PNG>]
Package atveryend Info: Empty hook `AfterLastShipout' on input line 172.
 (./Assignment01_Conc.aux)
Package atveryend Info: Executing hook `AtVeryEndDocument' on input line 172.
Package atveryend Info: Executing hook `AtEndAfterFileList' on input line 172.
Package rerunfilecheck Info: File `Assignment01_Conc.out' has not changed.
(rerunfilecheck)             Checksum: D41D8CD98F00B204E9800998ECF8427E;0.
 ) 
Here is how much of TeX's memory you used:
 20325 strings out of 492616
 349192 string characters out of 6132768
 457290 words of memory out of 5000000
 24040 multiletter control sequences out of 15000+600000
 550495 words of font info for 66 fonts, out of 8000000 for 9000
 1141 hyphenation exceptions out of 8191
 46i,17n,65p,1019b,625s stack positions out of 5000i,500n,10000p,200000b,80000s
{c:/texlive/2018/texmf-dist/fonts/enc/dvips/cm-super/cm-super-t1.enc}<c:/texl
ive/2018/texmf-dist/fonts/type1/public/amsfonts/cm/cmmi10.pfb><c:/texlive/2018/
texmf-dist/fonts/type1/public/amsfonts/cm/cmr10.pfb><c:/texlive/2018/texmf-dist
/fonts/type1/public/amsfonts/cm/cmr12.pfb><c:/texlive/2018/texmf-dist/fonts/typ
e1/public/amsfonts/cm/cmr7.pfb><c:/texlive/2018/texmf-dist/fonts/type1/public/a
msfonts/cm/cmr8.pfb><c:/texlive/2018/texmf-dist/fonts/type1/public/cm-super/sfb
x1200.pfb><c:/texlive/2018/texmf-dist/fonts/type1/public/cm-super/sfbx1440.pfb>
<c:/texlive/2018/texmf-dist/fonts/type1/public/cm-super/sfcc1000.pfb><c:/texliv
e/2018/texmf-dist/fonts/type1/public/cm-super/sfrm1000.pfb><c:/texlive/2018/tex
mf-dist/fonts/type1/public/cm-super/sfrm1440.pfb><c:/texlive/2018/texmf-dist/fo
nts/type1/public/cm-super/sfti0700.pfb><c:/texlive/2018/texmf-dist/fonts/type1/
public/cm-super/sfti1000.pfb><c:/texlive/2018/texmf-dist/fonts/type1/public/cm-
super/sfxc1000.pfb><c:/texlive/2018/texmf-dist/fonts/type1/public/cm-super/sfxc
1728.pfb>
Output written on Assignment01_Conc.pdf (5 pages, 216421 bytes).
PDF statistics:
 139 PDF objects out of 1000 (max. 8388607)
 106 compressed objects within 2 object streams
 38 named destinations out of 1000 (max. 500000)
 26 words of extra memory for PDF output out of 10000 (max. 10000000)

